#
# A fatal error has been detected by the Java Runtime Environment:
#
#  SIGSEGV (0xb) at pc=0x00007f3b0e299c3f, pid=11086, tid=11111
#
# JRE version: OpenJDK Runtime Environment (11.0.7+10) (build 11.0.7+10-post-Ubuntu-2ubuntu219.10)
# Java VM: OpenJDK 64-Bit Server VM (11.0.7+10-post-Ubuntu-2ubuntu219.10, mixed mode, sharing, tiered, compressed oops, g1 gc, linux-amd64)
# Problematic frame:
# C  [libgcc_s.so.1+0xfc3f]
#
# Core dump will be written. Default location: Core dumps may be processed with "/usr/share/apport/apport %p %s %c %d %P %E" (or dumping to /home/hades/tinyos-new/apps/BaseStation/core.11086)
#
# If you would like to submit a bug report, please visit:
#   https://bugs.launchpad.net/ubuntu/+source/openjdk-lts
# The crash happened outside the Java Virtual Machine in native code.
# See problematic frame for where to report the bug.
#

---------------  S U M M A R Y ------------

Command Line: net.tinyos.sf.SerialForwarder -comm serial@/dev/ttyUSB0:telosb

Host: Intel(R) Core(TM) i5-4200H CPU @ 2.80GHz, 4 cores, 7G, Ubuntu 19.10
Time: Sun May 10 17:58:35 2020 +07 elapsed time: 16 seconds (0d 0h 0m 16s)

---------------  T H R E A D  ---------------

Current thread (0x00007f3b08530800):  JavaThread "Thread-0" [_thread_in_native, id=11111, stack(0x00007f3aae3fb000,0x00007f3aae4fc000)]

Stack: [0x00007f3aae3fb000,0x00007f3aae4fc000],  sp=0x00007f3aae4fa0a0,  free space=1020k
Native frames: (J=compiled Java code, A=aot compiled Java code, j=interpreted, Vv=VM code, C=native code)
C  [libgcc_s.so.1+0xfc3f]

Java frames: (J=compiled Java code, j=interpreted, Vv=VM code)
j  net.tinyos.comm.TOSCommJNI.NativeSerial_cancelWait(J)Z+0
j  net.tinyos.comm.NativeSerial.cancelWait()Z+13
j  net.tinyos.comm.TOSSerial$EventDispatcher.close()V+26
j  net.tinyos.comm.TOSSerial.close()V+11
j  net.tinyos.packet.SerialByteSource.closeStreams()V+4
j  net.tinyos.packet.StreamByteSource.close()V+27
j  net.tinyos.packet.Packetizer.closeSource()V+4
j  net.tinyos.packet.AbstractSource.close()V+13
j  net.tinyos.packet.PhoenixSource.shutdown()V+9
j  net.tinyos.sf.SFListen.cleanup()V+27
j  net.tinyos.sf.SFListen.run()V+303
v  ~StubRoutines::call_stub

siginfo: si_signo: 11 (SIGSEGV), si_code: 128 (SI_KERNEL), si_addr: 0x0000000000000000

Register to memory mapping:

RAX=0xadefe28ef457c500 is an unknown value
RBX=0x00007f3a8000c22c points into unknown readable memory: 00 20 64 69
RCX=0x00007f3ae05d12a8: <offset 0x00000000000002a8> in /usr/lib/x86_64-linux-gnu/jni/libtoscomm.so at 0x00007f3ae05d1000
RDX=0x0000000000000001 is an unknown value
RSP=0x00007f3aae4fa0a0 is pointing into the stack for thread: 0x00007f3b08530800
RBP=0x00007f3aae4fa2f0 is pointing into the stack for thread: 0x00007f3b08530800
RSI=0x0000000000000001 is an unknown value
RDI=0x00007f3b0f9f9990: _rtld_global+0x0000000000000930 in /lib64/ld-linux-x86-64.so.2 at 0x00007f3b0f9cc000
R8 =0x0 is NULL
R9 =0x00007f3ae05d1000: <offset 0x0000000000000000> in /usr/lib/x86_64-linux-gnu/jni/libtoscomm.so at 0x00007f3ae05d1000
R10=0x00007f3ae05e0198 points into unknown readable memory: 75 6e 74 75 20 39 2e 32
R11=0x0 is NULL
R12=0x00007f3aae4fa200 is pointing into the stack for thread: 0x00007f3b08530800
R13=0x00007f3aae4fa200 is pointing into the stack for thread: 0x00007f3b08530800
R14=0x0 is NULL
R15=0x00007f3aae4fa110 is pointing into the stack for thread: 0x00007f3b08530800


Registers:
RAX=0xadefe28ef457c500, RBX=0x00007f3a8000c22c, RCX=0x00007f3ae05d12a8, RDX=0x0000000000000001
RSP=0x00007f3aae4fa0a0, RBP=0x00007f3aae4fa2f0, RSI=0x0000000000000001, RDI=0x00007f3b0f9f9990
R8 =0x0000000000000000, R9 =0x00007f3ae05d1000, R10=0x00007f3ae05e0198, R11=0x0000000000000000
R12=0x00007f3aae4fa200, R13=0x00007f3aae4fa200, R14=0x0000000000000000, R15=0x00007f3aae4fa110
RIP=0x00007f3b0e299c3f, EFLAGS=0x0000000000010246, CSGSFS=0x002b000000000033, ERR=0x0000000000000000
  TRAPNO=0x000000000000000d

Top of Stack: (sp=0x00007f3aae4fa0a0)
0x00007f3aae4fa0a0:   0000000000000000 0000000000000000
0x00007f3aae4fa0b0:   0000000000000000 00007f3aae4fa200
0x00007f3aae4fa0c0:   00007f3aae4fa2f0 00007f3aae4fa200
0x00007f3aae4fa0d0:   00007f3aae4fa2f0 00007f3a8000c22c 

Instructions: (pc=0x00007f3b0e299c3f)
0x00007f3b0e299b3f:   00 00 5b 5d 41 5c 41 5d 41 5e 41 5f c3 0f 1f 40
0x00007f3b0e299b4f:   00 49 89 d9 4d 85 c9 0f 85 58 fe ff ff 48 83 c4
0x00007f3b0e299b5f:   38 b8 03 00 00 00 5b 5d 41 5c 41 5d 41 5e 41 5f
0x00007f3b0e299b6f:   c3 4d 89 e7 40 80 ff ff 0f 84 c5 fe ff ff 44 0f
0x00007f3b0e299b7f:   b6 e7 4c 89 ee 44 89 e7 e8 54 f3 ff ff 4c 89 fa
0x00007f3b0e299b8f:   48 8d 4c 24 28 44 89 e7 48 89 c6 e8 61 ee ff ff
0x00007f3b0e299b9f:   49 89 c7 48 8b 44 24 28 49 89 85 a0 00 00 00 e9
0x00007f3b0e299baf:   8f fe ff ff 0f 1f 44 00 00 31 c9 66 0f 1f 44 00
0x00007f3b0e299bbf:   00 0f b6 13 48 83 c3 01 48 89 d0 83 e0 7f 48 d3
0x00007f3b0e299bcf:   e0 83 c1 07 49 09 c1 84 d2 78 e6 c6 85 72 01 00
0x00007f3b0e299bdf:   00 01 41 0f b6 44 24 01 49 01 d9 49 8d 54 24 01
0x00007f3b0e299bef:   84 c0 0f 84 bd fd ff ff 49 89 d4 e9 49 fd ff ff
0x00007f3b0e299bff:   90 40 0f b6 df 4c 89 ee 89 df e8 d2 f2 ff ff 48
0x00007f3b0e299c0f:   8d 4c 24 28 4c 89 e2 89 df 48 89 c6 e8 e0 ed ff
0x00007f3b0e299c1f:   ff 48 8b 44 24 28 49 89 85 a0 00 00 00 e9 11 fe
0x00007f3b0e299c2f:   ff ff 0f 1f 80 00 00 00 00 49 8b 85 98 00 00 00
0x00007f3b0e299c3f:   80 38 48 0f 85 f0 fe ff ff 48 ba c7 c0 0f 00 00
0x00007f3b0e299c4f:   00 0f 05 48 39 50 01 0f 85 dc fe ff ff 49 8b 85
0x00007f3b0e299c5f:   90 00 00 00 48 8b 90 a0 00 00 00 48 8d b0 90 00
0x00007f3b0e299c6f:   00 00 c7 85 40 01 00 00 01 00 00 00 48 c7 85 30
0x00007f3b0e299c7f:   01 00 00 07 00 00 00 48 89 d1 48 29 d6 c7 45 08
0x00007f3b0e299c8f:   01 00 00 00 48 29 c1 48 89 75 00 48 8d b0 88 00
0x00007f3b0e299c9f:   00 00 48 89 8d 28 01 00 00 48 8d 48 28 48 29 d6
0x00007f3b0e299caf:   48 29 d1 48 89 75 10 48 8d b0 98 00 00 00 48 89
0x00007f3b0e299cbf:   8d 80 00 00 00 48 8d 48 30 48 29 d6 48 29 d1 48
0x00007f3b0e299ccf:   89 75 20 48 8d b0 80 00 00 00 48 89 8d 90 00 00
0x00007f3b0e299cdf:   00 48 8d 48 38 48 29 d6 48 29 d1 48 89 75 30 48
0x00007f3b0e299cef:   8d 70 70 48 89 8d a0 00 00 00 48 8d 48 40 48 29
0x00007f3b0e299cff:   d6 48 29 d1 48 89 75 40 48 8d 70 68 48 89 8d b0
0x00007f3b0e299d0f:   00 00 00 48 8d 48 48 48 29 d6 48 29 d1 48 89 75
0x00007f3b0e299d1f:   50 48 8d 70 78 48 89 8d c0 00 00 00 48 8d 48 50
0x00007f3b0e299d2f:   48 29 d6 48 29 d1 c7 45 18 01 00 00 00 48 89 8d 


Stack slot to memory mapping:
stack at sp + 0 slots: 0x0 is NULL
stack at sp + 1 slots: 0x0 is NULL
stack at sp + 2 slots: 0x0 is NULL
stack at sp + 3 slots: 0x00007f3aae4fa200 is pointing into the stack for thread: 0x00007f3b08530800
stack at sp + 4 slots: 0x00007f3aae4fa2f0 is pointing into the stack for thread: 0x00007f3b08530800
stack at sp + 5 slots: 0x00007f3aae4fa200 is pointing into the stack for thread: 0x00007f3b08530800
stack at sp + 6 slots: 0x00007f3aae4fa2f0 is pointing into the stack for thread: 0x00007f3b08530800
stack at sp + 7 slots: 0x00007f3a8000c22c points into unknown readable memory: 00 20 64 69


---------------  P R O C E S S  ---------------

Threads class SMR info:
_java_thread_list=0x00007f3a8000fe90, length=18, elements={
0x00007f3b0810f800, 0x00007f3b08111800, 0x00007f3b08120000, 0x00007f3b08122000,
0x00007f3b08124800, 0x00007f3b08126800, 0x00007f3b08155800, 0x00007f3b0815a000,
0x00007f3b0825a000, 0x00007f3b08288800, 0x00007f3b084f5800, 0x00007f3b084f7000,
0x00007f3b08530800, 0x00007f3b08016000, 0x00007f3a88006000, 0x00007f3a8800b800,
0x00007f3a8000e000, 0x00007f3a8000e800
}

Java Threads: ( => current thread )
  0x00007f3b0810f800 JavaThread "Reference Handler" daemon [_thread_blocked, id=11094, stack(0x00007f3b0c2eb000,0x00007f3b0c3ec000)]
  0x00007f3b08111800 JavaThread "Finalizer" daemon [_thread_blocked, id=11095, stack(0x00007f3b0c1ea000,0x00007f3b0c2eb000)]
  0x00007f3b08120000 JavaThread "Signal Dispatcher" daemon [_thread_blocked, id=11096, stack(0x00007f3b0c0e9000,0x00007f3b0c1ea000)]
  0x00007f3b08122000 JavaThread "C2 CompilerThread0" daemon [_thread_blocked, id=11097, stack(0x00007f3af000c000,0x00007f3af010d000)]
  0x00007f3b08124800 JavaThread "C1 CompilerThread0" daemon [_thread_blocked, id=11098, stack(0x00007f3ae81af000,0x00007f3ae82b0000)]
  0x00007f3b08126800 JavaThread "Sweeper thread" daemon [_thread_blocked, id=11099, stack(0x00007f3ae80ae000,0x00007f3ae81af000)]
  0x00007f3b08155800 JavaThread "Service Thread" daemon [_thread_blocked, id=11100, stack(0x00007f3ae16c3000,0x00007f3ae17c4000)]
  0x00007f3b0815a000 JavaThread "Common-Cleaner" daemon [_thread_blocked, id=11102, stack(0x00007f3ae14c0000,0x00007f3ae15c1000)]
  0x00007f3b0825a000 JavaThread "Java2D Disposer" daemon [_thread_blocked, id=11106, stack(0x00007f3ae05e1000,0x00007f3ae06e2000)]
  0x00007f3b08288800 JavaThread "AWT-XAWT" daemon [_thread_in_native, id=11107, stack(0x00007f3ae0255000,0x00007f3ae0356000)]
  0x00007f3b084f5800 JavaThread "AWT-Shutdown" [_thread_blocked, id=11109, stack(0x00007f3ae0053000,0x00007f3ae0154000)]
  0x00007f3b084f7000 JavaThread "AWT-EventQueue-0" [_thread_blocked, id=11110, stack(0x00007f3aae6fc000,0x00007f3aae7fd000)]
=>0x00007f3b08530800 JavaThread "Thread-0" [_thread_in_native, id=11111, stack(0x00007f3aae3fb000,0x00007f3aae4fc000)]
  0x00007f3b08016000 JavaThread "DestroyJavaVM" [_thread_blocked, id=11087, stack(0x00007f3b0e189000,0x00007f3b0e28a000)]
  0x00007f3a88006000 JavaThread "TimerQueue" daemon [_thread_blocked, id=11112, stack(0x00007f3aae2fa000,0x00007f3aae3fb000)]
  0x00007f3a8800b800 JavaThread "Thread-2" [_thread_blocked, id=11113, stack(0x00007f3aae1f9000,0x00007f3aae2fa000)]
  0x00007f3a8000e000 JavaThread "Thread-3" [_thread_in_native, id=11135, stack(0x00007f3ae0154000,0x00007f3ae0255000)]
  0x00007f3a8000e800 JavaThread "Thread-1" [_thread_blocked, id=11136, stack(0x00007f3aae0f8000,0x00007f3aae1f9000)]

Other Threads:
  0x00007f3b0810c800 VMThread "VM Thread" [stack: 0x00007f3b0c3ee000,0x00007f3b0c4ee000] [id=11093]
  0x00007f3b08158000 WatcherThread [stack: 0x00007f3ae15c3000,0x00007f3ae16c3000] [id=11101]
  0x00007f3b0802e800 GCTaskThread "GC Thread#0" [stack: 0x00007f3b0de07000,0x00007f3b0df07000] [id=11088]
  0x00007f3b0805f800 ConcurrentGCThread "G1 Main Marker" [stack: 0x00007f3b0cd40000,0x00007f3b0ce40000] [id=11089]
  0x00007f3b08061800 ConcurrentGCThread "G1 Conc#0" [stack: 0x00007f3b0cc3e000,0x00007f3b0cd3e000] [id=11090]
  0x00007f3b080d9800 ConcurrentGCThread "G1 Refine#0" [stack: 0x00007f3b0c738000,0x00007f3b0c838000] [id=11091]
  0x00007f3b080db800 ConcurrentGCThread "G1 Young RemSet Sampling" [stack: 0x00007f3b0c636000,0x00007f3b0c736000] [id=11092]

Threads with active compile tasks:

VM state:not at safepoint (normal execution)

VM Mutex/Monitor currently owned by a thread: None

Heap address: 0x0000000085600000, size: 1962 MB, Compressed Oops mode: 32-bit
Narrow klass base: 0x0000000800000000, Narrow klass shift: 3
Compressed class space size: 1073741824 Address: 0x0000000840000000

Heap:
 garbage-first heap   total 129024K, used 14020K [0x0000000085600000, 0x0000000100000000)
  region size 1024K, 14 young (14336K), 0 survivors (0K)
 Metaspace       used 11163K, capacity 11659K, committed 11904K, reserved 1058816K
  class space    used 1318K, capacity 1558K, committed 1664K, reserved 1048576K
Heap Regions: E=young(eden), S=young(survivor), O=old, HS=humongous(starts), HC=humongous(continues), CS=collection set, F=free, A=archive, TAMS=top-at-mark-start (previous, next)
|   0|0x0000000085600000, 0x0000000085600000, 0x0000000085700000|  0%| F|  |TAMS 0x0000000085600000, 0x0000000085600000| Untracked 
|   1|0x0000000085700000, 0x0000000085700000, 0x0000000085800000|  0%| F|  |TAMS 0x0000000085700000, 0x0000000085700000| Untracked 
|   2|0x0000000085800000, 0x0000000085800000, 0x0000000085900000|  0%| F|  |TAMS 0x0000000085800000, 0x0000000085800000| Untracked 
|   3|0x0000000085900000, 0x0000000085900000, 0x0000000085a00000|  0%| F|  |TAMS 0x0000000085900000, 0x0000000085900000| Untracked 
|   4|0x0000000085a00000, 0x0000000085a00000, 0x0000000085b00000|  0%| F|  |TAMS 0x0000000085a00000, 0x0000000085a00000| Untracked 
|   5|0x0000000085b00000, 0x0000000085b00000, 0x0000000085c00000|  0%| F|  |TAMS 0x0000000085b00000, 0x0000000085b00000| Untracked 
|   6|0x0000000085c00000, 0x0000000085c00000, 0x0000000085d00000|  0%| F|  |TAMS 0x0000000085c00000, 0x0000000085c00000| Untracked 
|   7|0x0000000085d00000, 0x0000000085d00000, 0x0000000085e00000|  0%| F|  |TAMS 0x0000000085d00000, 0x0000000085d00000| Untracked 
|   8|0x0000000085e00000, 0x0000000085e00000, 0x0000000085f00000|  0%| F|  |TAMS 0x0000000085e00000, 0x0000000085e00000| Untracked 
|   9|0x0000000085f00000, 0x0000000085f00000, 0x0000000086000000|  0%| F|  |TAMS 0x0000000085f00000, 0x0000000085f00000| Untracked 
|  10|0x0000000086000000, 0x0000000086000000, 0x0000000086100000|  0%| F|  |TAMS 0x0000000086000000, 0x0000000086000000| Untracked 
|  11|0x0000000086100000, 0x0000000086100000, 0x0000000086200000|  0%| F|  |TAMS 0x0000000086100000, 0x0000000086100000| Untracked 
|  12|0x0000000086200000, 0x0000000086200000, 0x0000000086300000|  0%| F|  |TAMS 0x0000000086200000, 0x0000000086200000| Untracked 
|  13|0x0000000086300000, 0x0000000086300000, 0x0000000086400000|  0%| F|  |TAMS 0x0000000086300000, 0x0000000086300000| Untracked 
|  14|0x0000000086400000, 0x0000000086400000, 0x0000000086500000|  0%| F|  |TAMS 0x0000000086400000, 0x0000000086400000| Untracked 
|  15|0x0000000086500000, 0x0000000086500000, 0x0000000086600000|  0%| F|  |TAMS 0x0000000086500000, 0x0000000086500000| Untracked 
|  16|0x0000000086600000, 0x0000000086600000, 0x0000000086700000|  0%| F|  |TAMS 0x0000000086600000, 0x0000000086600000| Untracked 
|  17|0x0000000086700000, 0x0000000086700000, 0x0000000086800000|  0%| F|  |TAMS 0x0000000086700000, 0x0000000086700000| Untracked 
|  18|0x0000000086800000, 0x0000000086800000, 0x0000000086900000|  0%| F|  |TAMS 0x0000000086800000, 0x0000000086800000| Untracked 
|  19|0x0000000086900000, 0x0000000086900000, 0x0000000086a00000|  0%| F|  |TAMS 0x0000000086900000, 0x0000000086900000| Untracked 
|  20|0x0000000086a00000, 0x0000000086a00000, 0x0000000086b00000|  0%| F|  |TAMS 0x0000000086a00000, 0x0000000086a00000| Untracked 
|  21|0x0000000086b00000, 0x0000000086b00000, 0x0000000086c00000|  0%| F|  |TAMS 0x0000000086b00000, 0x0000000086b00000| Untracked 
|  22|0x0000000086c00000, 0x0000000086c00000, 0x0000000086d00000|  0%| F|  |TAMS 0x0000000086c00000, 0x0000000086c00000| Untracked 
|  23|0x0000000086d00000, 0x0000000086d00000, 0x0000000086e00000|  0%| F|  |TAMS 0x0000000086d00000, 0x0000000086d00000| Untracked 
|  24|0x0000000086e00000, 0x0000000086e00000, 0x0000000086f00000|  0%| F|  |TAMS 0x0000000086e00000, 0x0000000086e00000| Untracked 
|  25|0x0000000086f00000, 0x0000000086f00000, 0x0000000087000000|  0%| F|  |TAMS 0x0000000086f00000, 0x0000000086f00000| Untracked 
|  26|0x0000000087000000, 0x0000000087000000, 0x0000000087100000|  0%| F|  |TAMS 0x0000000087000000, 0x0000000087000000| Untracked 
|  27|0x0000000087100000, 0x0000000087100000, 0x0000000087200000|  0%| F|  |TAMS 0x0000000087100000, 0x0000000087100000| Untracked 
|  28|0x0000000087200000, 0x0000000087200000, 0x0000000087300000|  0%| F|  |TAMS 0x0000000087200000, 0x0000000087200000| Untracked 
|  29|0x0000000087300000, 0x0000000087300000, 0x0000000087400000|  0%| F|  |TAMS 0x0000000087300000, 0x0000000087300000| Untracked 
|  30|0x0000000087400000, 0x0000000087400000, 0x0000000087500000|  0%| F|  |TAMS 0x0000000087400000, 0x0000000087400000| Untracked 
|  31|0x0000000087500000, 0x0000000087500000, 0x0000000087600000|  0%| F|  |TAMS 0x0000000087500000, 0x0000000087500000| Untracked 
|  32|0x0000000087600000, 0x0000000087600000, 0x0000000087700000|  0%| F|  |TAMS 0x0000000087600000, 0x0000000087600000| Untracked 
|  33|0x0000000087700000, 0x0000000087700000, 0x0000000087800000|  0%| F|  |TAMS 0x0000000087700000, 0x0000000087700000| Untracked 
|  34|0x0000000087800000, 0x0000000087800000, 0x0000000087900000|  0%| F|  |TAMS 0x0000000087800000, 0x0000000087800000| Untracked 
|  35|0x0000000087900000, 0x0000000087900000, 0x0000000087a00000|  0%| F|  |TAMS 0x0000000087900000, 0x0000000087900000| Untracked 
|  36|0x0000000087a00000, 0x0000000087a00000, 0x0000000087b00000|  0%| F|  |TAMS 0x0000000087a00000, 0x0000000087a00000| Untracked 
|  37|0x0000000087b00000, 0x0000000087b00000, 0x0000000087c00000|  0%| F|  |TAMS 0x0000000087b00000, 0x0000000087b00000| Untracked 
|  38|0x0000000087c00000, 0x0000000087c00000, 0x0000000087d00000|  0%| F|  |TAMS 0x0000000087c00000, 0x0000000087c00000| Untracked 
|  39|0x0000000087d00000, 0x0000000087d00000, 0x0000000087e00000|  0%| F|  |TAMS 0x0000000087d00000, 0x0000000087d00000| Untracked 
|  40|0x0000000087e00000, 0x0000000087e00000, 0x0000000087f00000|  0%| F|  |TAMS 0x0000000087e00000, 0x0000000087e00000| Untracked 
|  41|0x0000000087f00000, 0x0000000087f00000, 0x0000000088000000|  0%| F|  |TAMS 0x0000000087f00000, 0x0000000087f00000| Untracked 
|  42|0x0000000088000000, 0x0000000088000000, 0x0000000088100000|  0%| F|  |TAMS 0x0000000088000000, 0x0000000088000000| Untracked 
|  43|0x0000000088100000, 0x0000000088100000, 0x0000000088200000|  0%| F|  |TAMS 0x0000000088100000, 0x0000000088100000| Untracked 
|  44|0x0000000088200000, 0x0000000088200000, 0x0000000088300000|  0%| F|  |TAMS 0x0000000088200000, 0x0000000088200000| Untracked 
|  45|0x0000000088300000, 0x0000000088300000, 0x0000000088400000|  0%| F|  |TAMS 0x0000000088300000, 0x0000000088300000| Untracked 
|  46|0x0000000088400000, 0x0000000088400000, 0x0000000088500000|  0%| F|  |TAMS 0x0000000088400000, 0x0000000088400000| Untracked 
|  47|0x0000000088500000, 0x0000000088500000, 0x0000000088600000|  0%| F|  |TAMS 0x0000000088500000, 0x0000000088500000| Untracked 
|  48|0x0000000088600000, 0x0000000088600000, 0x0000000088700000|  0%| F|  |TAMS 0x0000000088600000, 0x0000000088600000| Untracked 
|  49|0x0000000088700000, 0x0000000088700000, 0x0000000088800000|  0%| F|  |TAMS 0x0000000088700000, 0x0000000088700000| Untracked 
|  50|0x0000000088800000, 0x0000000088800000, 0x0000000088900000|  0%| F|  |TAMS 0x0000000088800000, 0x0000000088800000| Untracked 
|  51|0x0000000088900000, 0x0000000088900000, 0x0000000088a00000|  0%| F|  |TAMS 0x0000000088900000, 0x0000000088900000| Untracked 
|  52|0x0000000088a00000, 0x0000000088a00000, 0x0000000088b00000|  0%| F|  |TAMS 0x0000000088a00000, 0x0000000088a00000| Untracked 
|  53|0x0000000088b00000, 0x0000000088b00000, 0x0000000088c00000|  0%| F|  |TAMS 0x0000000088b00000, 0x0000000088b00000| Untracked 
|  54|0x0000000088c00000, 0x0000000088c00000, 0x0000000088d00000|  0%| F|  |TAMS 0x0000000088c00000, 0x0000000088c00000| Untracked 
|  55|0x0000000088d00000, 0x0000000088d00000, 0x0000000088e00000|  0%| F|  |TAMS 0x0000000088d00000, 0x0000000088d00000| Untracked 
|  56|0x0000000088e00000, 0x0000000088e00000, 0x0000000088f00000|  0%| F|  |TAMS 0x0000000088e00000, 0x0000000088e00000| Untracked 
|  57|0x0000000088f00000, 0x0000000088f00000, 0x0000000089000000|  0%| F|  |TAMS 0x0000000088f00000, 0x0000000088f00000| Untracked 
|  58|0x0000000089000000, 0x0000000089000000, 0x0000000089100000|  0%| F|  |TAMS 0x0000000089000000, 0x0000000089000000| Untracked 
|  59|0x0000000089100000, 0x0000000089100000, 0x0000000089200000|  0%| F|  |TAMS 0x0000000089100000, 0x0000000089100000| Untracked 
|  60|0x0000000089200000, 0x0000000089200000, 0x0000000089300000|  0%| F|  |TAMS 0x0000000089200000, 0x0000000089200000| Untracked 
|  61|0x0000000089300000, 0x0000000089300000, 0x0000000089400000|  0%| F|  |TAMS 0x0000000089300000, 0x0000000089300000| Untracked 
|  62|0x0000000089400000, 0x0000000089400000, 0x0000000089500000|  0%| F|  |TAMS 0x0000000089400000, 0x0000000089400000| Untracked 
|  63|0x0000000089500000, 0x0000000089500000, 0x0000000089600000|  0%| F|  |TAMS 0x0000000089500000, 0x0000000089500000| Untracked 
|  64|0x0000000089600000, 0x0000000089600000, 0x0000000089700000|  0%| F|  |TAMS 0x0000000089600000, 0x0000000089600000| Untracked 
|  65|0x0000000089700000, 0x0000000089700000, 0x0000000089800000|  0%| F|  |TAMS 0x0000000089700000, 0x0000000089700000| Untracked 
|  66|0x0000000089800000, 0x0000000089800000, 0x0000000089900000|  0%| F|  |TAMS 0x0000000089800000, 0x0000000089800000| Untracked 
|  67|0x0000000089900000, 0x0000000089900000, 0x0000000089a00000|  0%| F|  |TAMS 0x0000000089900000, 0x0000000089900000| Untracked 
|  68|0x0000000089a00000, 0x0000000089a00000, 0x0000000089b00000|  0%| F|  |TAMS 0x0000000089a00000, 0x0000000089a00000| Untracked 
|  69|0x0000000089b00000, 0x0000000089b00000, 0x0000000089c00000|  0%| F|  |TAMS 0x0000000089b00000, 0x0000000089b00000| Untracked 
|  70|0x0000000089c00000, 0x0000000089c00000, 0x0000000089d00000|  0%| F|  |TAMS 0x0000000089c00000, 0x0000000089c00000| Untracked 
|  71|0x0000000089d00000, 0x0000000089d00000, 0x0000000089e00000|  0%| F|  |TAMS 0x0000000089d00000, 0x0000000089d00000| Untracked 
|  72|0x0000000089e00000, 0x0000000089e00000, 0x0000000089f00000|  0%| F|  |TAMS 0x0000000089e00000, 0x0000000089e00000| Untracked 
|  73|0x0000000089f00000, 0x0000000089f00000, 0x000000008a000000|  0%| F|  |TAMS 0x0000000089f00000, 0x0000000089f00000| Untracked 
|  74|0x000000008a000000, 0x000000008a000000, 0x000000008a100000|  0%| F|  |TAMS 0x000000008a000000, 0x000000008a000000| Untracked 
|  75|0x000000008a100000, 0x000000008a100000, 0x000000008a200000|  0%| F|  |TAMS 0x000000008a100000, 0x000000008a100000| Untracked 
|  76|0x000000008a200000, 0x000000008a200000, 0x000000008a300000|  0%| F|  |TAMS 0x000000008a200000, 0x000000008a200000| Untracked 
|  77|0x000000008a300000, 0x000000008a300000, 0x000000008a400000|  0%| F|  |TAMS 0x000000008a300000, 0x000000008a300000| Untracked 
|  78|0x000000008a400000, 0x000000008a400000, 0x000000008a500000|  0%| F|  |TAMS 0x000000008a400000, 0x000000008a400000| Untracked 
|  79|0x000000008a500000, 0x000000008a500000, 0x000000008a600000|  0%| F|  |TAMS 0x000000008a500000, 0x000000008a500000| Untracked 
|  80|0x000000008a600000, 0x000000008a600000, 0x000000008a700000|  0%| F|  |TAMS 0x000000008a600000, 0x000000008a600000| Untracked 
|  81|0x000000008a700000, 0x000000008a700000, 0x000000008a800000|  0%| F|  |TAMS 0x000000008a700000, 0x000000008a700000| Untracked 
|  82|0x000000008a800000, 0x000000008a800000, 0x000000008a900000|  0%| F|  |TAMS 0x000000008a800000, 0x000000008a800000| Untracked 
|  83|0x000000008a900000, 0x000000008a900000, 0x000000008aa00000|  0%| F|  |TAMS 0x000000008a900000, 0x000000008a900000| Untracked 
|  84|0x000000008aa00000, 0x000000008aa00000, 0x000000008ab00000|  0%| F|  |TAMS 0x000000008aa00000, 0x000000008aa00000| Untracked 
|  85|0x000000008ab00000, 0x000000008ab00000, 0x000000008ac00000|  0%| F|  |TAMS 0x000000008ab00000, 0x000000008ab00000| Untracked 
|  86|0x000000008ac00000, 0x000000008ac00000, 0x000000008ad00000|  0%| F|  |TAMS 0x000000008ac00000, 0x000000008ac00000| Untracked 
|  87|0x000000008ad00000, 0x000000008ad00000, 0x000000008ae00000|  0%| F|  |TAMS 0x000000008ad00000, 0x000000008ad00000| Untracked 
|  88|0x000000008ae00000, 0x000000008ae00000, 0x000000008af00000|  0%| F|  |TAMS 0x000000008ae00000, 0x000000008ae00000| Untracked 
|  89|0x000000008af00000, 0x000000008af00000, 0x000000008b000000|  0%| F|  |TAMS 0x000000008af00000, 0x000000008af00000| Untracked 
|  90|0x000000008b000000, 0x000000008b000000, 0x000000008b100000|  0%| F|  |TAMS 0x000000008b000000, 0x000000008b000000| Untracked 
|  91|0x000000008b100000, 0x000000008b100000, 0x000000008b200000|  0%| F|  |TAMS 0x000000008b100000, 0x000000008b100000| Untracked 
|  92|0x000000008b200000, 0x000000008b200000, 0x000000008b300000|  0%| F|  |TAMS 0x000000008b200000, 0x000000008b200000| Untracked 
|  93|0x000000008b300000, 0x000000008b300000, 0x000000008b400000|  0%| F|  |TAMS 0x000000008b300000, 0x000000008b300000| Untracked 
|  94|0x000000008b400000, 0x000000008b400000, 0x000000008b500000|  0%| F|  |TAMS 0x000000008b400000, 0x000000008b400000| Untracked 
|  95|0x000000008b500000, 0x000000008b500000, 0x000000008b600000|  0%| F|  |TAMS 0x000000008b500000, 0x000000008b500000| Untracked 
|  96|0x000000008b600000, 0x000000008b600000, 0x000000008b700000|  0%| F|  |TAMS 0x000000008b600000, 0x000000008b600000| Untracked 
|  97|0x000000008b700000, 0x000000008b700000, 0x000000008b800000|  0%| F|  |TAMS 0x000000008b700000, 0x000000008b700000| Untracked 
|  98|0x000000008b800000, 0x000000008b800000, 0x000000008b900000|  0%| F|  |TAMS 0x000000008b800000, 0x000000008b800000| Untracked 
|  99|0x000000008b900000, 0x000000008b900000, 0x000000008ba00000|  0%| F|  |TAMS 0x000000008b900000, 0x000000008b900000| Untracked 
| 100|0x000000008ba00000, 0x000000008ba00000, 0x000000008bb00000|  0%| F|  |TAMS 0x000000008ba00000, 0x000000008ba00000| Untracked 
| 101|0x000000008bb00000, 0x000000008bb00000, 0x000000008bc00000|  0%| F|  |TAMS 0x000000008bb00000, 0x000000008bb00000| Untracked 
| 102|0x000000008bc00000, 0x000000008bc00000, 0x000000008bd00000|  0%| F|  |TAMS 0x000000008bc00000, 0x000000008bc00000| Untracked 
| 103|0x000000008bd00000, 0x000000008bd00000, 0x000000008be00000|  0%| F|  |TAMS 0x000000008bd00000, 0x000000008bd00000| Untracked 
| 104|0x000000008be00000, 0x000000008be00000, 0x000000008bf00000|  0%| F|  |TAMS 0x000000008be00000, 0x000000008be00000| Untracked 
| 105|0x000000008bf00000, 0x000000008bf00000, 0x000000008c000000|  0%| F|  |TAMS 0x000000008bf00000, 0x000000008bf00000| Untracked 
| 106|0x000000008c000000, 0x000000008c000000, 0x000000008c100000|  0%| F|  |TAMS 0x000000008c000000, 0x000000008c000000| Untracked 
| 107|0x000000008c100000, 0x000000008c100000, 0x000000008c200000|  0%| F|  |TAMS 0x000000008c100000, 0x000000008c100000| Untracked 
| 108|0x000000008c200000, 0x000000008c200000, 0x000000008c300000|  0%| F|  |TAMS 0x000000008c200000, 0x000000008c200000| Untracked 
| 109|0x000000008c300000, 0x000000008c300000, 0x000000008c400000|  0%| F|  |TAMS 0x000000008c300000, 0x000000008c300000| Untracked 
| 110|0x000000008c400000, 0x000000008c4d79a0, 0x000000008c500000| 84%| E|  |TAMS 0x000000008c400000, 0x000000008c400000| Complete 
| 111|0x000000008c500000, 0x000000008c600000, 0x000000008c600000|100%| E|CS|TAMS 0x000000008c500000, 0x000000008c500000| Complete 
| 112|0x000000008c600000, 0x000000008c700000, 0x000000008c700000|100%| E|CS|TAMS 0x000000008c600000, 0x000000008c600000| Complete 
| 113|0x000000008c700000, 0x000000008c800000, 0x000000008c800000|100%| E|CS|TAMS 0x000000008c700000, 0x000000008c700000| Complete 
| 114|0x000000008c800000, 0x000000008c900000, 0x000000008c900000|100%| E|CS|TAMS 0x000000008c800000, 0x000000008c800000| Complete 
| 115|0x000000008c900000, 0x000000008ca00000, 0x000000008ca00000|100%| E|CS|TAMS 0x000000008c900000, 0x000000008c900000| Complete 
| 116|0x000000008ca00000, 0x000000008cb00000, 0x000000008cb00000|100%| E|CS|TAMS 0x000000008ca00000, 0x000000008ca00000| Complete 
| 117|0x000000008cb00000, 0x000000008cc00000, 0x000000008cc00000|100%| E|CS|TAMS 0x000000008cb00000, 0x000000008cb00000| Complete 
| 118|0x000000008cc00000, 0x000000008cd00000, 0x000000008cd00000|100%| E|CS|TAMS 0x000000008cc00000, 0x000000008cc00000| Complete 
| 119|0x000000008cd00000, 0x000000008ce00000, 0x000000008ce00000|100%| E|CS|TAMS 0x000000008cd00000, 0x000000008cd00000| Complete 
| 120|0x000000008ce00000, 0x000000008cf00000, 0x000000008cf00000|100%| E|CS|TAMS 0x000000008ce00000, 0x000000008ce00000| Complete 
| 121|0x000000008cf00000, 0x000000008d000000, 0x000000008d000000|100%| E|CS|TAMS 0x000000008cf00000, 0x000000008cf00000| Complete 
| 122|0x000000008d000000, 0x000000008d100000, 0x000000008d100000|100%| E|CS|TAMS 0x000000008d000000, 0x000000008d000000| Complete 
| 123|0x000000008d100000, 0x000000008d200000, 0x000000008d200000|100%| E|CS|TAMS 0x000000008d100000, 0x000000008d100000| Complete 
|1960|0x00000000ffe00000, 0x00000000ffe47000, 0x00000000fff00000| 27%|OA|  |TAMS 0x00000000ffe00000, 0x00000000ffe00000| Untracked 
|1961|0x00000000fff00000, 0x00000000fff6a000, 0x0000000100000000| 41%|CA|  |TAMS 0x00000000fff00000, 0x00000000fff00000| Untracked 

Card table byte_map: [0x00007f3b0d257000,0x00007f3b0d62c000] _byte_map_base: 0x00007f3b0ce2c000

Marking Bits (Prev, Next): (CMBitMap*) 0x00007f3b08056f88, (CMBitMap*) 0x00007f3b08056fc0
 Prev Bits: [0x00007f3aea158000, 0x00007f3aec000000)
 Next Bits: [0x00007f3ae82b0000, 0x00007f3aea158000)

Polling page: 0x00007f3b0f9a4000

Metaspace:

Usage:
  Non-class:      9,86 MB capacity,     9,61 MB ( 97%) used,   201,70 KB (  2%) free+waste,    54,75 KB ( <1%) overhead. 
      Class:      1,52 MB capacity,     1,29 MB ( 85%) used,   209,00 KB ( 13%) free+waste,    30,44 KB (  2%) overhead. 
       Both:     11,39 MB capacity,    10,90 MB ( 96%) used,   410,70 KB (  4%) free+waste,    85,19 KB ( <1%) overhead. 

Virtual space:
  Non-class space:       10,00 MB reserved,      10,00 MB (100%) committed 
      Class space:        1,00 GB reserved,       1,62 MB ( <1%) committed 
             Both:        1,01 GB reserved,      11,62 MB (  1%) committed 

Chunk freelists:
   Non-Class:  91,00 KB
       Class:  10,00 KB
        Both:  101,00 KB

MaxMetaspaceSize: unlimited
CompressedClassSpaceSize: 1,00 GB

CodeHeap 'non-profiled nmethods': size=120032Kb used=451Kb max_used=451Kb free=119580Kb
 bounds [0x00007f3af83d5000, 0x00007f3af8645000, 0x00007f3aff90d000]
CodeHeap 'profiled nmethods': size=120032Kb used=1992Kb max_used=1992Kb free=118039Kb
 bounds [0x00007f3af0e9d000, 0x00007f3af110d000, 0x00007f3af83d5000]
CodeHeap 'non-nmethods': size=5696Kb used=1264Kb max_used=1286Kb free=4431Kb
 bounds [0x00007f3af090d000, 0x00007f3af0b7d000, 0x00007f3af0e9d000]
 total_blobs=2130 nmethods=1248 adapters=580
 compilation: enabled
              stopped_count=0, restarted_count=0
 full_count=0

Compilation events (20 events):
Event: 16,374 Thread 0x00007f3b08124800 1239       3       sun.awt.X11.XMotionEvent::get_state (20 bytes)
Event: 16,374 Thread 0x00007f3b08122000 1240       4       jdk.internal.logger.SimpleConsoleLogger::isLoggable (29 bytes)
Event: 16,376 Thread 0x00007f3b08124800 nmethod 1239 0x00007f3af108bb10 code [0x00007f3af108bd00, 0x00007f3af108c0e8]
Event: 16,377 Thread 0x00007f3b08122000 nmethod 1240 0x00007f3af8445610 code [0x00007f3af84457c0, 0x00007f3af84458d8]
Event: 16,390 Thread 0x00007f3b08124800 1241       3       java.awt.AWTEvent::<init> (81 bytes)
Event: 16,392 Thread 0x00007f3b08124800 nmethod 1241 0x00007f3af108c290 code [0x00007f3af108c4c0, 0x00007f3af108cbe8]
Event: 16,392 Thread 0x00007f3b08124800 1242       3       java.util.IdentityHashMap::isEmpty (13 bytes)
Event: 16,392 Thread 0x00007f3b08124800 nmethod 1242 0x00007f3af108ce10 code [0x00007f3af108cfc0, 0x00007f3af108d190]
Event: 16,680 Thread 0x00007f3b08124800 1243       3       sun.java2d.xr.GrowableRectArray::getWidth (13 bytes)
Event: 16,680 Thread 0x00007f3b08124800 nmethod 1243 0x00007f3af108d210 code [0x00007f3af108d3c0, 0x00007f3af108d5d0]
Event: 16,681 Thread 0x00007f3b08124800 1245       3       sun.java2d.xr.XRColor::setColorValues (88 bytes)
Event: 16,681 Thread 0x00007f3b08124800 nmethod 1245 0x00007f3af108d710 code [0x00007f3af108d8c0, 0x00007f3af108db90]
Event: 16,681 Thread 0x00007f3b08124800 1244       3       sun.java2d.xr.GrowableRectArray::getHeight (13 bytes)
Event: 16,681 Thread 0x00007f3b08124800 nmethod 1244 0x00007f3af108dc90 code [0x00007f3af108de40, 0x00007f3af108e050]
Event: 16,710 Thread 0x00007f3b08124800 1246       3       java.awt.event.MouseEvent::getModifiersEx (29 bytes)
Event: 16,711 Thread 0x00007f3b08124800 nmethod 1246 0x00007f3af108e190 code [0x00007f3af108e380, 0x00007f3af108e838]
Event: 16,711 Thread 0x00007f3b08124800 1247       3       javax.swing.text.GapContent$MarkVector::elementAt (40 bytes)
Event: 16,711 Thread 0x00007f3b08124800 nmethod 1247 0x00007f3af108ea10 code [0x00007f3af108ebe0, 0x00007f3af108ef50]
Event: 16,711 Thread 0x00007f3b08124800 1248       1       javax.swing.event.EventListenerList::getListenerList (5 bytes)
Event: 16,711 Thread 0x00007f3b08124800 nmethod 1248 0x00007f3af8445a10 code [0x00007f3af8445bc0, 0x00007f3af8445cf0]

GC Heap History (0 events):
No events

Deoptimization events (4 events):
Event: 0,689 Thread 0x00007f3a8800b800 Uncommon trap: trap_request=0xffffff4d fr.pc=0x00007f3af8409cbc relative=0x000000000000323c
Event: 0,689 Thread 0x00007f3a8800b800 Uncommon trap: reason=unstable_if action=reinterpret pc=0x00007f3af8409cbc method=jdk.internal.org.objectweb.asm.Frame.execute(IILjdk/internal/org/objectweb/asm/ClassWriter;Ljdk/internal/org/objectweb/asm/Item;)V @ 1 c2
Event: 0,689 Thread 0x00007f3a8800b800 DEOPT PACKING pc=0x00007f3af8409cbc sp=0x00007f3aae2f6ec0
Event: 0,689 Thread 0x00007f3a8800b800 DEOPT UNPACKING pc=0x00007f3af0935a25 sp=0x00007f3aae2f6e60 mode 2

Classes redefined (0 events):
No events

Internal exceptions (20 events):
Event: 0,320 Thread 0x00007f3b08016000 Exception <a 'java/lang/ClassNotFoundException'{0x000000008cb391b8}: com/sun/swing/internal/plaf/metal/resources/spi/metalProvider> (0x000000008cb391b8) thrown at [src/hotspot/share/classfile/systemDictionary.cpp, line 231]
Event: 0,322 Thread 0x00007f3b08016000 Exception <a 'java/lang/ClassNotFoundException'{0x000000008cb3d968}: com/sun/swing/internal/plaf/basic/resources/spi/basicProvider> (0x000000008cb3d968) thrown at [src/hotspot/share/classfile/systemDictionary.cpp, line 231]
Event: 0,414 Thread 0x00007f3b08016000 Exception <a 'java/lang/NoSuchMethodError'{0x000000008cab1340}: 'java.lang.Object java.lang.invoke.DirectMethodHandle$Holder.invokeSpecial(java.lang.Object, java.lang.Object, int, int, java.lang.Object, java.lang.Object, java.lang.Object, java.lang.Object, java.lang.Object)'> (0x000000008cab1340) thrown at [src/hotspot/share/interpreter/linkResolver.cpp, line 772]
Event: 0,414 Thread 0x00007f3b08016000 Exception <a 'java/lang/NoSuchMethodError'{0x000000008cab4fd0}: 'java.lang.Object java.lang.invoke.DelegatingMethodHandle$Holder.reinvoke_L(java.lang.Object, int, int, java.lang.Object, java.lang.Object, java.lang.Object, java.lang.Object, java.lang.Object)'> (0x000000008cab4fd0) thrown at [src/hotspot/share/interpreter/linkResolver.cpp, line 772]
Event: 0,429 Thread 0x00007f3b08016000 Exception <a 'java/lang/NoSuchMethodError'{0x000000008c957c10}: 'java.lang.Object java.lang.invoke.Invokers$Holder.linkToTargetMethod(java.lang.Object, java.lang.Object, java.lang.Object, java.lang.Object, java.lang.Object, java.lang.Object)'> (0x000000008c957c10) thrown at [src/hotspot/share/interpreter/linkResolver.cpp, line 772]
Event: 0,435 Thread 0x00007f3b08016000 Exception <a 'java/lang/NoSuchMethodError'{0x000000008c9c4738}: 'java.lang.Object java.lang.invoke.DirectMethodHandle$Holder.invokeSpecial(java.lang.Object, java.lang.Object, int, int, java.lang.Object, java.lang.Object, java.lang.Object, java.lang.Object)'> (0x000000008c9c4738) thrown at [src/hotspot/share/interpreter/linkResolver.cpp, line 772]
Event: 0,435 Thread 0x00007f3b08016000 Exception <a 'java/lang/NoSuchMethodError'{0x000000008c9c8118}: 'java.lang.Object java.lang.invoke.DelegatingMethodHandle$Holder.reinvoke_L(java.lang.Object, int, int, java.lang.Object, java.lang.Object, java.lang.Object, java.lang.Object)'> (0x000000008c9c8118) thrown at [src/hotspot/share/interpreter/linkResolver.cpp, line 772]
Event: 0,466 Thread 0x00007f3b08016000 Exception <a 'java/lang/NoSuchMethodError'{0x000000008c8e7380}: 'java.lang.Object java.lang.invoke.DirectMethodHandle$Holder.invokeStatic(java.lang.Object, java.lang.Object, java.lang.Object, java.lang.Object, java.lang.Object, java.lang.Object, java.lang.Object, java.lang.Object, java.lang.Object, java.lang.Object, java.lang.Object, java.lang.Object, java.lang.Object, int)'> (0x000000008c8e7380) thrown at [src/hotspot/share/interpreter/linkResolver.cpp, line 772]
Event: 0,467 Thread 0x00007f3b08016000 Exception <a 'java/lang/NoSuchMethodError'{0x000000008c8f38f8}: 'java.lang.Object java.lang.invoke.DirectMethodHandle$Holder.invokeStatic(java.lang.Object, java.lang.Object, java.lang.Object, java.lang.Object, java.lang.Object, java.lang.Object, java.lang.Object, java.lang.Object, java.lang.Object, java.lang.Object, java.lang.Object, java.lang.Object, java.lang.Object, int, int)'> (0x000000008c8f38f8) thrown at [src/hotspot/share/interpreter/linkResolver.cpp, line 772]
Event: 0,469 Thread 0x00007f3b08016000 Exception <a 'java/lang/NoSuchMethodError'{0x000000008c7004a8}: 'java.lang.Object java.lang.invoke.DirectMethodHandle$Holder.invokeStatic(java.lang.Object, java.lang.Object, java.lang.Object, java.lang.Object, java.lang.Object, java.lang.Object, java.lang.Object, java.lang.Object, java.lang.Object, java.lang.Object, java.lang.Object, java.lang.Object, java.lang.Object, int, int, java.lang.Object)'> (0x000000008c7004a8) thrown at [src/hotspot/share/interpreter/linkResolver.cpp, line 772]
Event: 0,480 Thread 0x00007f3b08016000 Exception <a 'java/lang/NoSuchMethodError'{0x000000008c764350}: 'java.lang.Object java.lang.invoke.DirectMethodHandle$Holder.invokeStatic(java.lang.Object, java.lang.Object, java.lang.Object, java.lang.Object, java.lang.Object, java.lang.Object, java.lang.Object, java.lang.Object, java.lang.Object, java.lang.Object, java.lang.Object, int)'> (0x000000008c764350) thrown at [src/hotspot/share/interpreter/linkResolver.cpp, line 772]
Event: 0,482 Thread 0x00007f3b08016000 Exception <a 'java/lang/NoSuchMethodError'{0x000000008c782030}: 'java.lang.Object java.lang.invoke.DirectMethodHandle$Holder.invokeStatic(java.lang.Object, java.lang.Object, java.lang.Object, java.lang.Object, java.lang.Object, java.lang.Object, java.lang.Object, java.lang.Object, java.lang.Object, java.lang.Object, java.lang.Object, int, int)'> (0x000000008c782030) thrown at [src/hotspot/share/interpreter/linkResolver.cpp, line 772]
Event: 0,484 Thread 0x00007f3b08016000 Exception <a 'java/lang/NoSuchMethodError'{0x000000008c7a0a68}: 'java.lang.Object java.lang.invoke.DirectMethodHandle$Holder.invokeStatic(java.lang.Object, java.lang.Object, java.lang.Object, java.lang.Object, java.lang.Object, java.lang.Object, java.lang.Object, java.lang.Object, java.lang.Object, java.lang.Object, java.lang.Object, int, int, java.lang.Object)'> (0x000000008c7a0a68) thrown at [src/hotspot/share/interpreter/linkResolver.cpp, line 772]
Event: 0,486 Thread 0x00007f3b08016000 Exception <a 'java/lang/NoSuchMethodError'{0x000000008c7c08b0}: 'java.lang.Object java.lang.invoke.DirectMethodHandle$Holder.invokeStatic(java.lang.Object, java.lang.Object, java.lang.Object, java.lang.Object, java.lang.Object, java.lang.Object, java.lang.Object, java.lang.Object, java.lang.Object, java.lang.Object, java.lang.Object, int, int, java.lang.Object, java.lang.Object)'> (0x000000008c7c08b0) thrown at [src/hotspot/share/interpreter/linkResolver.cpp, line 772]
Event: 0,512 Thread 0x00007f3b08016000 Exception <a 'java/lang/NoSuchMethodError'{0x000000008c7f24e0}: 'void java.lang.invoke.DirectMethodHandle$Holder.invokeStaticInit(java.lang.Object)'> (0x000000008c7f24e0) thrown at [src/hotspot/share/interpreter/linkResolver.cpp, line 772]
Event: 0,688 Thread 0x00007f3a8800b800 Exception <a 'java/lang/NoSuchMethodError'{0x000000008c5a6f20}: 'int java.lang.invoke.DirectMethodHandle$Holder.invokeSpecialIFC(java.lang.Object, java.lang.Object, int)'> (0x000000008c5a6f20) thrown at [src/hotspot/share/interpreter/linkResolver.cpp, line 772]
Event: 0,690 Thread 0x00007f3a8800b800 Exception <a 'java/lang/Exception'{0x000000008c5ad060}: TOSComm JNI library runtime error: open: No such file or directory> (0x000000008c5ad060) thrown at [src/hotspot/share/prims/jni.cpp, line 636]
Event: 5,704 Thread 0x00007f3a8800b800 Exception <a 'java/lang/Exception'{0x000000008c5af860}: TOSComm JNI library runtime error: open: No such file or directory> (0x000000008c5af860) thrown at [src/hotspot/share/prims/jni.cpp, line 636]
Event: 10,707 Thread 0x00007f3a8800b800 Exception <a 'java/lang/Exception'{0x000000008c5b2450}: TOSComm JNI library runtime error: open: No such file or directory> (0x000000008c5b2450) thrown at [src/hotspot/share/prims/jni.cpp, line 636]
Event: 16,710 Thread 0x00007f3b08530800 Exception <a 'java/net/SocketException'{0x000000008c548650}: Socket closed> (0x000000008c548650) thrown at [src/hotspot/share/prims/jni.cpp, line 636]

Events (20 events):
Event: 16,055 loading class java/awt/event/MouseWheelEvent done
Event: 16,270 Loaded shared library /usr/lib/jvm/java-11-openjdk-amd64/lib/server/libjvm.so
Event: 16,606 loading class sun/awt/X11/XButtonEvent
Event: 16,607 loading class sun/awt/X11/XButtonEvent done
Event: 16,607 Executing VM operation: RevokeBias
Event: 16,608 Executing VM operation: RevokeBias done
Event: 16,608 loading class sun/awt/X11/XkbEvent
Event: 16,609 loading class sun/awt/X11/XkbEvent done
Event: 16,609 loading class sun/awt/X11/XkbAnyEvent
Event: 16,609 loading class sun/awt/X11/XkbAnyEvent done
Event: 16,710 Executing VM operation: RevokeBias
Event: 16,710 Executing VM operation: RevokeBias done
Event: 16,710 Executing VM operation: RevokeBias
Event: 16,710 Executing VM operation: RevokeBias done
Event: 16,710 Executing VM operation: RevokeBias
Event: 16,710 Executing VM operation: RevokeBias done
Event: 16,711 Executing VM operation: RevokeBias
Event: 16,711 Executing coalesced safepoint VM operation: RevokeBias
Event: 16,711 Executing coalesced safepoint VM operation: RevokeBias done
Event: 16,711 Executing VM operation: RevokeBias done


Dynamic libraries:
85600000-8d200000 rw-p 00000000 00:00 0 
8d200000-ffe00000 ---p 00000000 00:00 0 
ffe00000-ffe47000 rw-p 0110b000 08:03 2359601                            /usr/lib/jvm/java-11-openjdk-amd64/lib/server/classes.jsa
ffe47000-fff00000 rw-p 00000000 00:00 0 
fff00000-fff6a000 rw-p 010a1000 08:03 2359601                            /usr/lib/jvm/java-11-openjdk-amd64/lib/server/classes.jsa
fff6a000-100000000 rw-p 00000000 00:00 0 
800000000-800002000 rwxp 00001000 08:03 2359601                          /usr/lib/jvm/java-11-openjdk-amd64/lib/server/classes.jsa
800002000-8003b8000 rw-p 00003000 08:03 2359601                          /usr/lib/jvm/java-11-openjdk-amd64/lib/server/classes.jsa
8003b8000-800a93000 r--p 003b9000 08:03 2359601                          /usr/lib/jvm/java-11-openjdk-amd64/lib/server/classes.jsa
800a93000-800a94000 rw-p 00a94000 08:03 2359601                          /usr/lib/jvm/java-11-openjdk-amd64/lib/server/classes.jsa
800a94000-8010a0000 r--p 00a95000 08:03 2359601                          /usr/lib/jvm/java-11-openjdk-amd64/lib/server/classes.jsa
840000000-8401a0000 rw-p 00000000 00:00 0 
8401a0000-880000000 ---p 00000000 00:00 0 
55e2ab394000-55e2ab395000 r--p 00000000 08:03 1183008                    /usr/lib/jvm/java-11-openjdk-amd64/bin/java
55e2ab395000-55e2ab396000 r-xp 00001000 08:03 1183008                    /usr/lib/jvm/java-11-openjdk-amd64/bin/java
55e2ab396000-55e2ab397000 r--p 00002000 08:03 1183008                    /usr/lib/jvm/java-11-openjdk-amd64/bin/java
55e2ab397000-55e2ab398000 r--p 00002000 08:03 1183008                    /usr/lib/jvm/java-11-openjdk-amd64/bin/java
55e2ab398000-55e2ab399000 rw-p 00003000 08:03 1183008                    /usr/lib/jvm/java-11-openjdk-amd64/bin/java
55e2ac6fa000-55e2ac71b000 rw-p 00000000 00:00 0                          [heap]
7f3a74000000-7f3a74021000 rw-p 00000000 00:00 0 
7f3a74021000-7f3a78000000 ---p 00000000 00:00 0 
7f3a7c000000-7f3a7c021000 rw-p 00000000 00:00 0 
7f3a7c021000-7f3a80000000 ---p 00000000 00:00 0 
7f3a80000000-7f3a80021000 rw-p 00000000 00:00 0 
7f3a80021000-7f3a84000000 ---p 00000000 00:00 0 
7f3a84000000-7f3a84021000 rw-p 00000000 00:00 0 
7f3a84021000-7f3a88000000 ---p 00000000 00:00 0 
7f3a88000000-7f3a88021000 rw-p 00000000 00:00 0 
7f3a88021000-7f3a8c000000 ---p 00000000 00:00 0 
7f3a8c000000-7f3a8c34b000 rw-p 00000000 00:00 0 
7f3a8c34b000-7f3a90000000 ---p 00000000 00:00 0 
7f3a90000000-7f3a90021000 rw-p 00000000 00:00 0 
7f3a90021000-7f3a94000000 ---p 00000000 00:00 0 
7f3a94000000-7f3a94021000 rw-p 00000000 00:00 0 
7f3a94021000-7f3a98000000 ---p 00000000 00:00 0 
7f3a98000000-7f3a98021000 rw-p 00000000 00:00 0 
7f3a98021000-7f3a9c000000 ---p 00000000 00:00 0 
7f3a9c000000-7f3a9c021000 rw-p 00000000 00:00 0 
7f3a9c021000-7f3aa0000000 ---p 00000000 00:00 0 
7f3aa0000000-7f3aa0021000 rw-p 00000000 00:00 0 
7f3aa0021000-7f3aa4000000 ---p 00000000 00:00 0 
7f3aa4000000-7f3aa4021000 rw-p 00000000 00:00 0 
7f3aa4021000-7f3aa8000000 ---p 00000000 00:00 0 
7f3aa8000000-7f3aa8021000 rw-p 00000000 00:00 0 
7f3aa8021000-7f3aac000000 ---p 00000000 00:00 0 
7f3aae0f8000-7f3aae0fc000 ---p 00000000 00:00 0 
7f3aae0fc000-7f3aae1f9000 rw-p 00000000 00:00 0 
7f3aae1f9000-7f3aae1fd000 ---p 00000000 00:00 0 
7f3aae1fd000-7f3aae2fa000 rw-p 00000000 00:00 0 
7f3aae2fa000-7f3aae2fe000 ---p 00000000 00:00 0 
7f3aae2fe000-7f3aae3fb000 rw-p 00000000 00:00 0 
7f3aae3fb000-7f3aae3ff000 ---p 00000000 00:00 0 
7f3aae3ff000-7f3aae6fc000 rw-p 00000000 00:00 0 
7f3aae6fc000-7f3aae700000 ---p 00000000 00:00 0 
7f3aae700000-7f3aae7fd000 rw-p 00000000 00:00 0 
7f3aae7fd000-7f3aae7fe000 ---p 00000000 00:00 0 
7f3aae7fe000-7f3aaeffe000 rw-p 00000000 00:00 0 
7f3aaeffe000-7f3aaefff000 ---p 00000000 00:00 0 
7f3aaefff000-7f3aaf7ff000 rw-p 00000000 00:00 0 
7f3aaf7ff000-7f3aaf800000 ---p 00000000 00:00 0 
7f3aaf800000-7f3ab0000000 rw-p 00000000 00:00 0 
7f3ab0000000-7f3ab0021000 rw-p 00000000 00:00 0 
7f3ab0021000-7f3ab4000000 ---p 00000000 00:00 0 
7f3ab4000000-7f3ab4021000 rw-p 00000000 00:00 0 
7f3ab4021000-7f3ab8000000 ---p 00000000 00:00 0 
7f3ab8000000-7f3ab8438000 rw-p 00000000 00:00 0 
7f3ab8438000-7f3abc000000 ---p 00000000 00:00 0 
7f3abc000000-7f3abc021000 rw-p 00000000 00:00 0 
7f3abc021000-7f3ac0000000 ---p 00000000 00:00 0 
7f3ac0000000-7f3ac0021000 rw-p 00000000 00:00 0 
7f3ac0021000-7f3ac4000000 ---p 00000000 00:00 0 
7f3ac4000000-7f3ac47ce000 rw-p 00000000 00:00 0 
7f3ac47ce000-7f3ac8000000 ---p 00000000 00:00 0 
7f3ac8000000-7f3ac8021000 rw-p 00000000 00:00 0 
7f3ac8021000-7f3acc000000 ---p 00000000 00:00 0 
7f3acc000000-7f3acc021000 rw-p 00000000 00:00 0 
7f3acc021000-7f3ad0000000 ---p 00000000 00:00 0 
7f3ad0000000-7f3ad0021000 rw-p 00000000 00:00 0 
7f3ad0021000-7f3ad4000000 ---p 00000000 00:00 0 
7f3ad4000000-7f3ad4021000 rw-p 00000000 00:00 0 
7f3ad4021000-7f3ad8000000 ---p 00000000 00:00 0 
7f3ad8000000-7f3ad8021000 rw-p 00000000 00:00 0 
7f3ad8021000-7f3adc000000 ---p 00000000 00:00 0 
7f3adc000000-7f3adc021000 rw-p 00000000 00:00 0 
7f3adc021000-7f3ae0000000 ---p 00000000 00:00 0 
7f3ae0053000-7f3ae0057000 ---p 00000000 00:00 0 
7f3ae0057000-7f3ae0154000 rw-p 00000000 00:00 0 
7f3ae0154000-7f3ae0158000 ---p 00000000 00:00 0 
7f3ae0158000-7f3ae0255000 rw-p 00000000 00:00 0 
7f3ae0255000-7f3ae0259000 ---p 00000000 00:00 0 
7f3ae0259000-7f3ae0356000 rw-p 00000000 00:00 0 
7f3ae03b3000-7f3ae03b8000 r-xp 00000000 08:03 1180185                    /usr/lib/x86_64-linux-gnu/libXfixes.so.3.1.0
7f3ae03b8000-7f3ae05b7000 ---p 00005000 08:03 1180185                    /usr/lib/x86_64-linux-gnu/libXfixes.so.3.1.0
7f3ae05b7000-7f3ae05b8000 r--p 00004000 08:03 1180185                    /usr/lib/x86_64-linux-gnu/libXfixes.so.3.1.0
7f3ae05b8000-7f3ae05b9000 rw-p 00005000 08:03 1180185                    /usr/lib/x86_64-linux-gnu/libXfixes.so.3.1.0
7f3ae05b9000-7f3ae05bc000 r--p 00000000 08:03 1185885                    /usr/lib/x86_64-linux-gnu/libXcursor.so.1.0.2
7f3ae05bc000-7f3ae05c2000 r-xp 00003000 08:03 1185885                    /usr/lib/x86_64-linux-gnu/libXcursor.so.1.0.2
7f3ae05c2000-7f3ae05c4000 r--p 00009000 08:03 1185885                    /usr/lib/x86_64-linux-gnu/libXcursor.so.1.0.2
7f3ae05c4000-7f3ae05c5000 r--p 0000a000 08:03 1185885                    /usr/lib/x86_64-linux-gnu/libXcursor.so.1.0.2
7f3ae05c5000-7f3ae05c6000 rw-p 0000b000 08:03 1185885                    /usr/lib/x86_64-linux-gnu/libXcursor.so.1.0.2
7f3ae05d1000-7f3ae05d4000 r--p 00000000 08:03 1184968                    /usr/lib/x86_64-linux-gnu/jni/libtoscomm.so
7f3ae05d4000-7f3ae05dc000 r-xp 00003000 08:03 1184968                    /usr/lib/x86_64-linux-gnu/jni/libtoscomm.so
7f3ae05dc000-7f3ae05df000 r--p 0000b000 08:03 1184968                    /usr/lib/x86_64-linux-gnu/jni/libtoscomm.so
7f3ae05df000-7f3ae05e0000 r--p 0000d000 08:03 1184968                    /usr/lib/x86_64-linux-gnu/jni/libtoscomm.so
7f3ae05e0000-7f3ae05e1000 rw-p 0000e000 08:03 1184968                    /usr/lib/x86_64-linux-gnu/jni/libtoscomm.so
7f3ae05e1000-7f3ae05e5000 ---p 00000000 00:00 0 
7f3ae05e5000-7f3ae06e2000 rw-p 00000000 00:00 0 
7f3ae06e2000-7f3ae0742000 r--p 00000000 08:03 2015620                    /usr/share/glib-2.0/schemas/gschemas.compiled
7f3ae0742000-7f3ae0744000 r--p 00000000 08:03 1181557                    /usr/lib/x86_64-linux-gnu/libpcre2-8.so.0.7.1
7f3ae0744000-7f3ae07a0000 r-xp 00002000 08:03 1181557                    /usr/lib/x86_64-linux-gnu/libpcre2-8.so.0.7.1
7f3ae07a0000-7f3ae07c5000 r--p 0005e000 08:03 1181557                    /usr/lib/x86_64-linux-gnu/libpcre2-8.so.0.7.1
7f3ae07c5000-7f3ae07c6000 r--p 00082000 08:03 1181557                    /usr/lib/x86_64-linux-gnu/libpcre2-8.so.0.7.1
7f3ae07c6000-7f3ae07c7000 rw-p 00083000 08:03 1181557                    /usr/lib/x86_64-linux-gnu/libpcre2-8.so.0.7.1
7f3ae07c7000-7f3ae07d1000 r--p 00000000 08:03 2752600                    /lib/x86_64-linux-gnu/libblkid.so.1.1.0
7f3ae07d1000-7f3ae0807000 r-xp 0000a000 08:03 2752600                    /lib/x86_64-linux-gnu/libblkid.so.1.1.0
7f3ae0807000-7f3ae0817000 r--p 00040000 08:03 2752600                    /lib/x86_64-linux-gnu/libblkid.so.1.1.0
7f3ae0817000-7f3ae0818000 ---p 00050000 08:03 2752600                    /lib/x86_64-linux-gnu/libblkid.so.1.1.0
7f3ae0818000-7f3ae081d000 r--p 00050000 08:03 2752600                    /lib/x86_64-linux-gnu/libblkid.so.1.1.0
7f3ae081d000-7f3ae081e000 rw-p 00055000 08:03 2752600                    /lib/x86_64-linux-gnu/libblkid.so.1.1.0
7f3ae081e000-7f3ae0820000 r--p 00000000 08:03 1181169                    /usr/lib/x86_64-linux-gnu/libffi.so.6.0.4
7f3ae0820000-7f3ae0825000 r-xp 00002000 08:03 1181169                    /usr/lib/x86_64-linux-gnu/libffi.so.6.0.4
7f3ae0825000-7f3ae0826000 r--p 00007000 08:03 1181169                    /usr/lib/x86_64-linux-gnu/libffi.so.6.0.4
7f3ae0826000-7f3ae0827000 r--p 00007000 08:03 1181169                    /usr/lib/x86_64-linux-gnu/libffi.so.6.0.4
7f3ae0827000-7f3ae0828000 rw-p 00008000 08:03 1181169                    /usr/lib/x86_64-linux-gnu/libffi.so.6.0.4
7f3ae0828000-7f3ae082a000 r--p 00000000 08:03 2752910                    /lib/x86_64-linux-gnu/libpcre.so.3.13.3
7f3ae082a000-7f3ae087c000 r-xp 00002000 08:03 2752910                    /lib/x86_64-linux-gnu/libpcre.so.3.13.3
7f3ae087c000-7f3ae089a000 r--p 00054000 08:03 2752910                    /lib/x86_64-linux-gnu/libpcre.so.3.13.3
7f3ae089a000-7f3ae089b000 r--p 00071000 08:03 2752910                    /lib/x86_64-linux-gnu/libpcre.so.3.13.3
7f3ae089b000-7f3ae089c000 rw-p 00072000 08:03 2752910                    /lib/x86_64-linux-gnu/libpcre.so.3.13.3
7f3ae089c000-7f3ae08a0000 r--p 00000000 08:03 2752791                    /lib/x86_64-linux-gnu/libresolv-2.30.so
7f3ae08a0000-7f3ae08af000 r-xp 00004000 08:03 2752791                    /lib/x86_64-linux-gnu/libresolv-2.30.so
7f3ae08af000-7f3ae08b2000 r--p 00013000 08:03 2752791                    /lib/x86_64-linux-gnu/libresolv-2.30.so
7f3ae08b2000-7f3ae08b3000 ---p 00016000 08:03 2752791                    /lib/x86_64-linux-gnu/libresolv-2.30.so
7f3ae08b3000-7f3ae08b4000 r--p 00016000 08:03 2752791                    /lib/x86_64-linux-gnu/libresolv-2.30.so
7f3ae08b4000-7f3ae08b5000 rw-p 00017000 08:03 2752791                    /lib/x86_64-linux-gnu/libresolv-2.30.so
7f3ae08b5000-7f3ae08b7000 rw-p 00000000 00:00 0 
7f3ae08b7000-7f3ae08bd000 r--p 00000000 08:03 2752870                    /lib/x86_64-linux-gnu/libselinux.so.1
7f3ae08bd000-7f3ae08d6000 r-xp 00006000 08:03 2752870                    /lib/x86_64-linux-gnu/libselinux.so.1
7f3ae08d6000-7f3ae08dd000 r--p 0001f000 08:03 2752870                    /lib/x86_64-linux-gnu/libselinux.so.1
7f3ae08dd000-7f3ae08de000 ---p 00026000 08:03 2752870                    /lib/x86_64-linux-gnu/libselinux.so.1
7f3ae08de000-7f3ae08df000 r--p 00026000 08:03 2752870                    /lib/x86_64-linux-gnu/libselinux.so.1
7f3ae08df000-7f3ae08e0000 rw-p 00027000 08:03 2752870                    /lib/x86_64-linux-gnu/libselinux.so.1
7f3ae08e0000-7f3ae08e2000 rw-p 00000000 00:00 0 
7f3ae08e2000-7f3ae08ed000 r--p 00000000 08:03 2752872                    /lib/x86_64-linux-gnu/libmount.so.1.1.0
7f3ae08ed000-7f3ae092b000 r-xp 0000b000 08:03 2752872                    /lib/x86_64-linux-gnu/libmount.so.1.1.0
7f3ae092b000-7f3ae093e000 r--p 00049000 08:03 2752872                    /lib/x86_64-linux-gnu/libmount.so.1.1.0
7f3ae093e000-7f3ae0941000 r--p 0005b000 08:03 2752872                    /lib/x86_64-linux-gnu/libmount.so.1.1.0
7f3ae0941000-7f3ae0942000 rw-p 0005e000 08:03 2752872                    /lib/x86_64-linux-gnu/libmount.so.1.1.0
7f3ae0942000-7f3ae0950000 r--p 00000000 08:03 1183107                    /usr/lib/x86_64-linux-gnu/libgobject-2.0.so.0.6200.4
7f3ae0950000-7f3ae0983000 r-xp 0000e000 08:03 1183107                    /usr/lib/x86_64-linux-gnu/libgobject-2.0.so.0.6200.4
7f3ae0983000-7f3ae099b000 r--p 00041000 08:03 1183107                    /usr/lib/x86_64-linux-gnu/libgobject-2.0.so.0.6200.4
7f3ae099b000-7f3ae099e000 r--p 00058000 08:03 1183107                    /usr/lib/x86_64-linux-gnu/libgobject-2.0.so.0.6200.4
7f3ae099e000-7f3ae099f000 rw-p 0005b000 08:03 1183107                    /usr/lib/x86_64-linux-gnu/libgobject-2.0.so.0.6200.4
7f3ae099f000-7f3ae09bb000 r--p 00000000 08:03 1183105                    /usr/lib/x86_64-linux-gnu/libglib-2.0.so.0.6200.4
7f3ae09bb000-7f3ae0a3e000 r-xp 0001c000 08:03 1183105                    /usr/lib/x86_64-linux-gnu/libglib-2.0.so.0.6200.4
7f3ae0a3e000-7f3ae0ac3000 r--p 0009f000 08:03 1183105                    /usr/lib/x86_64-linux-gnu/libglib-2.0.so.0.6200.4
7f3ae0ac3000-7f3ae0ac4000 ---p 00124000 08:03 1183105                    /usr/lib/x86_64-linux-gnu/libglib-2.0.so.0.6200.4
7f3ae0ac4000-7f3ae0ac5000 r--p 00124000 08:03 1183105                    /usr/lib/x86_64-linux-gnu/libglib-2.0.so.0.6200.4
7f3ae0ac5000-7f3ae0ac6000 rw-p 00125000 08:03 1183105                    /usr/lib/x86_64-linux-gnu/libglib-2.0.so.0.6200.4
7f3ae0ac6000-7f3ae0ac7000 rw-p 00000000 00:00 0 
7f3ae0ac7000-7f3ae0afe000 r--p 00000000 08:03 1181182                    /usr/lib/x86_64-linux-gnu/libgio-2.0.so.0.6200.4
7f3ae0afe000-7f3ae0c0e000 r-xp 00037000 08:03 1181182                    /usr/lib/x86_64-linux-gnu/libgio-2.0.so.0.6200.4
7f3ae0c0e000-7f3ae0c96000 r--p 00147000 08:03 1181182                    /usr/lib/x86_64-linux-gnu/libgio-2.0.so.0.6200.4
7f3ae0c96000-7f3ae0c97000 ---p 001cf000 08:03 1181182                    /usr/lib/x86_64-linux-gnu/libgio-2.0.so.0.6200.4
7f3ae0c97000-7f3ae0c9f000 r--p 001cf000 08:03 1181182                    /usr/lib/x86_64-linux-gnu/libgio-2.0.so.0.6200.4
7f3ae0c9f000-7f3ae0ca0000 rw-p 001d7000 08:03 1181182                    /usr/lib/x86_64-linux-gnu/libgio-2.0.so.0.6200.4
7f3ae0ca0000-7f3ae0ca2000 rw-p 00000000 00:00 0 
7f3ae0ca2000-7f3ae0ca4000 r--p 00000000 08:03 1180585                    /usr/lib/x86_64-linux-gnu/libXrandr.so.2.2.0
7f3ae0ca4000-7f3ae0cab000 r-xp 00002000 08:03 1180585                    /usr/lib/x86_64-linux-gnu/libXrandr.so.2.2.0
7f3ae0cab000-7f3ae0cad000 r--p 00009000 08:03 1180585                    /usr/lib/x86_64-linux-gnu/libXrandr.so.2.2.0
7f3ae0cad000-7f3ae0cae000 r--p 0000a000 08:03 1180585                    /usr/lib/x86_64-linux-gnu/libXrandr.so.2.2.0
7f3ae0cae000-7f3ae0caf000 rw-p 0000b000 08:03 1180585                    /usr/lib/x86_64-linux-gnu/libXrandr.so.2.2.0
7f3ae0caf000-7f3ae0cbb000 r--p 00000000 08:03 1180991                    /usr/lib/x86_64-linux-gnu/libfreetype.so.6.16.1
7f3ae0cbb000-7f3ae0d38000 r-xp 0000c000 08:03 1180991                    /usr/lib/x86_64-linux-gnu/libfreetype.so.6.16.1
7f3ae0d38000-7f3ae0d62000 r--p 00089000 08:03 1180991                    /usr/lib/x86_64-linux-gnu/libfreetype.so.6.16.1
7f3ae0d62000-7f3ae0d69000 r--p 000b2000 08:03 1180991                    /usr/lib/x86_64-linux-gnu/libfreetype.so.6.16.1
7f3ae0d69000-7f3ae0d6a000 rw-p 000b9000 08:03 1180991                    /usr/lib/x86_64-linux-gnu/libfreetype.so.6.16.1
7f3ae0d6a000-7f3ae0d6e000 r--p 00000000 08:03 1183215                    /usr/lib/jvm/java-11-openjdk-amd64/lib/libfontmanager.so
7f3ae0d6e000-7f3ae0e59000 r-xp 00004000 08:03 1183215                    /usr/lib/jvm/java-11-openjdk-amd64/lib/libfontmanager.so
7f3ae0e59000-7f3ae0e99000 r--p 000ef000 08:03 1183215                    /usr/lib/jvm/java-11-openjdk-amd64/lib/libfontmanager.so
7f3ae0e99000-7f3ae0e9a000 ---p 0012f000 08:03 1183215                    /usr/lib/jvm/java-11-openjdk-amd64/lib/libfontmanager.so
7f3ae0e9a000-7f3ae0e9b000 r--p 0012f000 08:03 1183215                    /usr/lib/jvm/java-11-openjdk-amd64/lib/libfontmanager.so
7f3ae0e9b000-7f3ae0e9c000 rw-p 00130000 08:03 1183215                    /usr/lib/jvm/java-11-openjdk-amd64/lib/libfontmanager.so
7f3ae0e9c000-7f3ae0e9f000 rw-p 00000000 00:00 0 
7f3ae0e9f000-7f3ae0ea4000 r-xp 00000000 08:03 1180907                    /usr/lib/x86_64-linux-gnu/libXtst.so.6.1.0
7f3ae0ea4000-7f3ae10a3000 ---p 00005000 08:03 1180907                    /usr/lib/x86_64-linux-gnu/libXtst.so.6.1.0
7f3ae10a3000-7f3ae10a4000 r--p 00004000 08:03 1180907                    /usr/lib/x86_64-linux-gnu/libXtst.so.6.1.0
7f3ae10a4000-7f3ae10a5000 rw-p 00005000 08:03 1180907                    /usr/lib/x86_64-linux-gnu/libXtst.so.6.1.0
7f3ae10a5000-7f3ae10ae000 r-xp 00000000 08:03 1180870                    /usr/lib/x86_64-linux-gnu/libXrender.so.1.3.0
7f3ae10ae000-7f3ae12ad000 ---p 00009000 08:03 1180870                    /usr/lib/x86_64-linux-gnu/libXrender.so.1.3.0
7f3ae12ad000-7f3ae12ae000 r--p 00008000 08:03 1180870                    /usr/lib/x86_64-linux-gnu/libXrender.so.1.3.0
7f3ae12ae000-7f3ae12af000 rw-p 00009000 08:03 1180870                    /usr/lib/x86_64-linux-gnu/libXrender.so.1.3.0
7f3ae12af000-7f3ae12c8000 r--p 00000000 08:03 1183148                    /usr/lib/x86_64-linux-gnu/libX11.so.6.3.0
7f3ae12c8000-7f3ae1353000 r-xp 00019000 08:03 1183148                    /usr/lib/x86_64-linux-gnu/libX11.so.6.3.0
7f3ae1353000-7f3ae13e7000 r--p 000a4000 08:03 1183148                    /usr/lib/x86_64-linux-gnu/libX11.so.6.3.0
7f3ae13e7000-7f3ae13e8000 ---p 00138000 08:03 1183148                    /usr/lib/x86_64-linux-gnu/libX11.so.6.3.0
7f3ae13e8000-7f3ae13e9000 r--p 00138000 08:03 1183148                    /usr/lib/x86_64-linux-gnu/libX11.so.6.3.0
7f3ae13e9000-7f3ae13ed000 rw-p 00139000 08:03 1183148                    /usr/lib/x86_64-linux-gnu/libX11.so.6.3.0
7f3ae13ed000-7f3ae1419000 r--p 00000000 08:03 1183210                    /usr/lib/jvm/java-11-openjdk-amd64/lib/libawt.so
7f3ae1419000-7f3ae1482000 r-xp 0002c000 08:03 1183210                    /usr/lib/jvm/java-11-openjdk-amd64/lib/libawt.so
7f3ae1482000-7f3ae148e000 r--p 00095000 08:03 1183210                    /usr/lib/jvm/java-11-openjdk-amd64/lib/libawt.so
7f3ae148e000-7f3ae148f000 ---p 000a1000 08:03 1183210                    /usr/lib/jvm/java-11-openjdk-amd64/lib/libawt.so
7f3ae148f000-7f3ae1490000 r--p 000a1000 08:03 1183210                    /usr/lib/jvm/java-11-openjdk-amd64/lib/libawt.so
7f3ae1490000-7f3ae149b000 rw-p 000a2000 08:03 1183210                    /usr/lib/jvm/java-11-openjdk-amd64/lib/libawt.so
7f3ae149b000-7f3ae14c0000 rw-p 00000000 00:00 0 
7f3ae14c0000-7f3ae14c4000 ---p 00000000 00:00 0 
7f3ae14c4000-7f3ae15c1000 rw-p 00000000 00:00 0 
7f3ae15c1000-7f3ae15c2000 ---p 00000000 00:00 0 
7f3ae15c2000-7f3ae16c3000 rw-p 00000000 00:00 0 
7f3ae16c3000-7f3ae16c7000 ---p 00000000 00:00 0 
7f3ae16c7000-7f3ae17c4000 rw-p 00000000 00:00 0 
7f3ae17c4000-7f3ae2000000 r--p 00000000 08:03 1181454                    /usr/lib/locale/locale-archive
7f3ae2000000-7f3ae4000000 rw-p 00000000 00:00 0 
7f3ae4000000-7f3ae4021000 rw-p 00000000 00:00 0 
7f3ae4021000-7f3ae8000000 ---p 00000000 00:00 0 
7f3ae8001000-7f3ae8002000 r--p 00000000 08:03 1183214                    /usr/lib/jvm/java-11-openjdk-amd64/lib/libextnet.so
7f3ae8002000-7f3ae8003000 r-xp 00001000 08:03 1183214                    /usr/lib/jvm/java-11-openjdk-amd64/lib/libextnet.so
7f3ae8003000-7f3ae8004000 r--p 00002000 08:03 1183214                    /usr/lib/jvm/java-11-openjdk-amd64/lib/libextnet.so
7f3ae8004000-7f3ae8005000 r--p 00002000 08:03 1183214                    /usr/lib/jvm/java-11-openjdk-amd64/lib/libextnet.so
7f3ae8005000-7f3ae8006000 rw-p 00003000 08:03 1183214                    /usr/lib/jvm/java-11-openjdk-amd64/lib/libextnet.so
7f3ae8006000-7f3ae8007000 r--p 00000000 08:03 1183106                    /usr/lib/x86_64-linux-gnu/libgmodule-2.0.so.0.6200.4
7f3ae8007000-7f3ae8009000 r-xp 00001000 08:03 1183106                    /usr/lib/x86_64-linux-gnu/libgmodule-2.0.so.0.6200.4
7f3ae8009000-7f3ae800a000 r--p 00003000 08:03 1183106                    /usr/lib/x86_64-linux-gnu/libgmodule-2.0.so.0.6200.4
7f3ae800a000-7f3ae800b000 r--p 00003000 08:03 1183106                    /usr/lib/x86_64-linux-gnu/libgmodule-2.0.so.0.6200.4
7f3ae800b000-7f3ae800c000 rw-p 00004000 08:03 1183106                    /usr/lib/x86_64-linux-gnu/libgmodule-2.0.so.0.6200.4
7f3ae800c000-7f3ae8011000 r--p 00000000 08:03 1180524                    /usr/lib/x86_64-linux-gnu/libpng16.so.16.37.0
7f3ae8011000-7f3ae8036000 r-xp 00005000 08:03 1180524                    /usr/lib/x86_64-linux-gnu/libpng16.so.16.37.0
7f3ae8036000-7f3ae8042000 r--p 0002a000 08:03 1180524                    /usr/lib/x86_64-linux-gnu/libpng16.so.16.37.0
7f3ae8042000-7f3ae8043000 r--p 00035000 08:03 1180524                    /usr/lib/x86_64-linux-gnu/libpng16.so.16.37.0
7f3ae8043000-7f3ae8044000 rw-p 00036000 08:03 1180524                    /usr/lib/x86_64-linux-gnu/libpng16.so.16.37.0
7f3ae8044000-7f3ae8048000 r--p 00000000 08:03 1180316                    /usr/lib/x86_64-linux-gnu/libbsd.so.0.10.0
7f3ae8048000-7f3ae8057000 r-xp 00004000 08:03 1180316                    /usr/lib/x86_64-linux-gnu/libbsd.so.0.10.0
7f3ae8057000-7f3ae805a000 r--p 00013000 08:03 1180316                    /usr/lib/x86_64-linux-gnu/libbsd.so.0.10.0
7f3ae805a000-7f3ae805b000 ---p 00016000 08:03 1180316                    /usr/lib/x86_64-linux-gnu/libbsd.so.0.10.0
7f3ae805b000-7f3ae805c000 r--p 00016000 08:03 1180316                    /usr/lib/x86_64-linux-gnu/libbsd.so.0.10.0
7f3ae805c000-7f3ae805d000 rw-p 00017000 08:03 1180316                    /usr/lib/x86_64-linux-gnu/libbsd.so.0.10.0
7f3ae805d000-7f3ae805e000 rw-p 00000000 00:00 0 
7f3ae805e000-7f3ae8069000 r--p 00000000 08:03 1180165                    /usr/lib/x86_64-linux-gnu/libxcb.so.1.1.0
7f3ae8069000-7f3ae807c000 r-xp 0000b000 08:03 1180165                    /usr/lib/x86_64-linux-gnu/libxcb.so.1.1.0
7f3ae807c000-7f3ae8085000 r--p 0001e000 08:03 1180165                    /usr/lib/x86_64-linux-gnu/libxcb.so.1.1.0
7f3ae8085000-7f3ae8086000 r--p 00026000 08:03 1180165                    /usr/lib/x86_64-linux-gnu/libxcb.so.1.1.0
7f3ae8086000-7f3ae8087000 rw-p 00027000 08:03 1180165                    /usr/lib/x86_64-linux-gnu/libxcb.so.1.1.0
7f3ae8087000-7f3ae8089000 r--p 00000000 08:03 1188135                    /usr/lib/x86_64-linux-gnu/libXi.so.6.1.0
7f3ae8089000-7f3ae8094000 r-xp 00002000 08:03 1188135                    /usr/lib/x86_64-linux-gnu/libXi.so.6.1.0
7f3ae8094000-7f3ae8097000 r--p 0000d000 08:03 1188135                    /usr/lib/x86_64-linux-gnu/libXi.so.6.1.0
7f3ae8097000-7f3ae8098000 r--p 0000f000 08:03 1188135                    /usr/lib/x86_64-linux-gnu/libXi.so.6.1.0
7f3ae8098000-7f3ae8099000 rw-p 00010000 08:03 1188135                    /usr/lib/x86_64-linux-gnu/libXi.so.6.1.0
7f3ae8099000-7f3ae809d000 r--p 00000000 08:03 1180440                    /usr/lib/x86_64-linux-gnu/libXext.so.6.4.0
7f3ae809d000-7f3ae80a8000 r-xp 00004000 08:03 1180440                    /usr/lib/x86_64-linux-gnu/libXext.so.6.4.0
7f3ae80a8000-7f3ae80ac000 r--p 0000f000 08:03 1180440                    /usr/lib/x86_64-linux-gnu/libXext.so.6.4.0
7f3ae80ac000-7f3ae80ad000 r--p 00012000 08:03 1180440                    /usr/lib/x86_64-linux-gnu/libXext.so.6.4.0
7f3ae80ad000-7f3ae80ae000 rw-p 00013000 08:03 1180440                    /usr/lib/x86_64-linux-gnu/libXext.so.6.4.0
7f3ae80ae000-7f3ae80b2000 ---p 00000000 00:00 0 
7f3ae80b2000-7f3ae81af000 rw-p 00000000 00:00 0 
7f3ae81af000-7f3ae81b3000 ---p 00000000 00:00 0 
7f3ae81b3000-7f3ae84a0000 rw-p 00000000 00:00 0 
7f3ae84a0000-7f3aea150000 ---p 00000000 00:00 0 
7f3aea150000-7f3aea348000 rw-p 00000000 00:00 0 
7f3aea348000-7f3aebff8000 ---p 00000000 00:00 0 
7f3aebff8000-7f3aec000000 rw-p 00000000 00:00 0 
7f3aec000000-7f3aec021000 rw-p 00000000 00:00 0 
7f3aec021000-7f3af0000000 ---p 00000000 00:00 0 
7f3af0004000-7f3af0006000 r--p 00000000 08:03 1179894                    /usr/lib/x86_64-linux-gnu/libXdmcp.so.6.0.0
7f3af0006000-7f3af0008000 r-xp 00002000 08:03 1179894                    /usr/lib/x86_64-linux-gnu/libXdmcp.so.6.0.0
7f3af0008000-7f3af000a000 r--p 00004000 08:03 1179894                    /usr/lib/x86_64-linux-gnu/libXdmcp.so.6.0.0
7f3af000a000-7f3af000b000 r--p 00005000 08:03 1179894                    /usr/lib/x86_64-linux-gnu/libXdmcp.so.6.0.0
7f3af000b000-7f3af000c000 rw-p 00006000 08:03 1179894                    /usr/lib/x86_64-linux-gnu/libXdmcp.so.6.0.0
7f3af000c000-7f3af0010000 ---p 00000000 00:00 0 
7f3af0010000-7f3af090d000 rw-p 00000000 00:00 0 
7f3af090d000-7f3af0b7d000 rwxp 00000000 00:00 0 
7f3af0b7d000-7f3af0e9d000 ---p 00000000 00:00 0 
7f3af0e9d000-7f3af110d000 rwxp 00000000 00:00 0 
7f3af110d000-7f3af83d5000 ---p 00000000 00:00 0 
7f3af83d5000-7f3af8645000 rwxp 00000000 00:00 0 
7f3af8645000-7f3aff90d000 ---p 00000000 00:00 0 
7f3aff90d000-7f3b08000000 r--s 00000000 08:03 1184106                    /usr/lib/jvm/java-11-openjdk-amd64/lib/modules
7f3b08000000-7f3b08535000 rw-p 00000000 00:00 0 
7f3b08535000-7f3b0c000000 ---p 00000000 00:00 0 
7f3b0c003000-7f3b0c004000 r--p 00000000 08:03 1183143                    /usr/lib/x86_64-linux-gnu/libXau.so.6.0.0
7f3b0c004000-7f3b0c006000 r-xp 00001000 08:03 1183143                    /usr/lib/x86_64-linux-gnu/libXau.so.6.0.0
7f3b0c006000-7f3b0c007000 r--p 00003000 08:03 1183143                    /usr/lib/x86_64-linux-gnu/libXau.so.6.0.0
7f3b0c007000-7f3b0c008000 r--p 00003000 08:03 1183143                    /usr/lib/x86_64-linux-gnu/libXau.so.6.0.0
7f3b0c008000-7f3b0c009000 rw-p 00004000 08:03 1183143                    /usr/lib/x86_64-linux-gnu/libXau.so.6.0.0
7f3b0c00d000-7f3b0c013000 r--p 00000000 08:03 671694                     /home/hades/.config/dconf/user
7f3b0c013000-7f3b0c017000 r--p 00000000 08:03 1442231                    /usr/lib/x86_64-linux-gnu/gio/modules/libdconfsettings.so
7f3b0c017000-7f3b0c01e000 r-xp 00004000 08:03 1442231                    /usr/lib/x86_64-linux-gnu/gio/modules/libdconfsettings.so
7f3b0c01e000-7f3b0c021000 r--p 0000b000 08:03 1442231                    /usr/lib/x86_64-linux-gnu/gio/modules/libdconfsettings.so
7f3b0c021000-7f3b0c022000 ---p 0000e000 08:03 1442231                    /usr/lib/x86_64-linux-gnu/gio/modules/libdconfsettings.so
7f3b0c022000-7f3b0c023000 r--p 0000e000 08:03 1442231                    /usr/lib/x86_64-linux-gnu/gio/modules/libdconfsettings.so
7f3b0c023000-7f3b0c024000 rw-p 0000f000 08:03 1442231                    /usr/lib/x86_64-linux-gnu/gio/modules/libdconfsettings.so
7f3b0c024000-7f3b0c034000 r--p 00000000 08:03 1183212                    /usr/lib/jvm/java-11-openjdk-amd64/lib/libawt_xawt.so
7f3b0c034000-7f3b0c073000 r-xp 00010000 08:03 1183212                    /usr/lib/jvm/java-11-openjdk-amd64/lib/libawt_xawt.so
7f3b0c073000-7f3b0c085000 r--p 0004f000 08:03 1183212                    /usr/lib/jvm/java-11-openjdk-amd64/lib/libawt_xawt.so
7f3b0c085000-7f3b0c086000 r--p 00060000 08:03 1183212                    /usr/lib/jvm/java-11-openjdk-amd64/lib/libawt_xawt.so
7f3b0c086000-7f3b0c089000 rw-p 00061000 08:03 1183212                    /usr/lib/jvm/java-11-openjdk-amd64/lib/libawt_xawt.so
7f3b0c089000-7f3b0c0bc000 rw-p 00000000 00:00 0 
7f3b0c0bc000-7f3b0c0c0000 r--p 00000000 08:03 1183241                    /usr/lib/jvm/java-11-openjdk-amd64/lib/libnet.so
7f3b0c0c0000-7f3b0c0cf000 r-xp 00004000 08:03 1183241                    /usr/lib/jvm/java-11-openjdk-amd64/lib/libnet.so
7f3b0c0cf000-7f3b0c0d3000 r--p 00013000 08:03 1183241                    /usr/lib/jvm/java-11-openjdk-amd64/lib/libnet.so
7f3b0c0d3000-7f3b0c0d4000 r--p 00016000 08:03 1183241                    /usr/lib/jvm/java-11-openjdk-amd64/lib/libnet.so
7f3b0c0d4000-7f3b0c0d5000 rw-p 00017000 08:03 1183241                    /usr/lib/jvm/java-11-openjdk-amd64/lib/libnet.so
7f3b0c0d5000-7f3b0c0dc000 r--p 00000000 08:03 1183243                    /usr/lib/jvm/java-11-openjdk-amd64/lib/libnio.so
7f3b0c0dc000-7f3b0c0e4000 r-xp 00007000 08:03 1183243                    /usr/lib/jvm/java-11-openjdk-amd64/lib/libnio.so
7f3b0c0e4000-7f3b0c0e7000 r--p 0000f000 08:03 1183243                    /usr/lib/jvm/java-11-openjdk-amd64/lib/libnio.so
7f3b0c0e7000-7f3b0c0e8000 r--p 00011000 08:03 1183243                    /usr/lib/jvm/java-11-openjdk-amd64/lib/libnio.so
7f3b0c0e8000-7f3b0c0e9000 rw-p 00012000 08:03 1183243                    /usr/lib/jvm/java-11-openjdk-amd64/lib/libnio.so
7f3b0c0e9000-7f3b0c0ed000 ---p 00000000 00:00 0 
7f3b0c0ed000-7f3b0c1ea000 rw-p 00000000 00:00 0 
7f3b0c1ea000-7f3b0c1ee000 ---p 00000000 00:00 0 
7f3b0c1ee000-7f3b0c2eb000 rw-p 00000000 00:00 0 
7f3b0c2eb000-7f3b0c2ef000 ---p 00000000 00:00 0 
7f3b0c2ef000-7f3b0c3ec000 rw-p 00000000 00:00 0 
7f3b0c3ec000-7f3b0c3ed000 ---p 00000000 00:00 0 
7f3b0c3ed000-7f3b0c634000 rw-p 00000000 00:00 0 
7f3b0c634000-7f3b0c635000 ---p 00000000 00:00 0 
7f3b0c635000-7f3b0c736000 rw-p 00000000 00:00 0 
7f3b0c736000-7f3b0c737000 ---p 00000000 00:00 0 
7f3b0c737000-7f3b0cc3c000 rw-p 00000000 00:00 0 
7f3b0cc3c000-7f3b0cc3d000 ---p 00000000 00:00 0 
7f3b0cc3d000-7f3b0cd3e000 rw-p 00000000 00:00 0 
7f3b0cd3e000-7f3b0cd3f000 ---p 00000000 00:00 0 
7f3b0cd3f000-7f3b0cec0000 rw-p 00000000 00:00 0 
7f3b0cec0000-7f3b0d256000 ---p 00000000 00:00 0 
7f3b0d256000-7f3b0d295000 rw-p 00000000 00:00 0 
7f3b0d295000-7f3b0d62b000 ---p 00000000 00:00 0 
7f3b0d62b000-7f3b0d66a000 rw-p 00000000 00:00 0 
7f3b0d66a000-7f3b0da00000 ---p 00000000 00:00 0 
7f3b0da00000-7f3b0de05000 rw-p 00000000 00:00 0 
7f3b0de05000-7f3b0de06000 ---p 00000000 00:00 0 
7f3b0de06000-7f3b0df0c000 rw-p 00000000 00:00 0 
7f3b0df0c000-7f3b0dff2000 ---p 00000000 00:00 0 
7f3b0dff2000-7f3b0dff7000 rw-p 00000000 00:00 0 
7f3b0dff7000-7f3b0e0dd000 ---p 00000000 00:00 0 
7f3b0e0dd000-7f3b0e0e2000 rw-p 00000000 00:00 0 
7f3b0e0e2000-7f3b0e0e9000 ---p 00000000 00:00 0 
7f3b0e0e9000-7f3b0e0ec000 r--p 00000000 08:03 2752767                    /lib/x86_64-linux-gnu/libnss_files-2.30.so
7f3b0e0ec000-7f3b0e0f3000 r-xp 00003000 08:03 2752767                    /lib/x86_64-linux-gnu/libnss_files-2.30.so
7f3b0e0f3000-7f3b0e0f5000 r--p 0000a000 08:03 2752767                    /lib/x86_64-linux-gnu/libnss_files-2.30.so
7f3b0e0f5000-7f3b0e0f6000 r--p 0000b000 08:03 2752767                    /lib/x86_64-linux-gnu/libnss_files-2.30.so
7f3b0e0f6000-7f3b0e0f7000 rw-p 0000c000 08:03 2752767                    /lib/x86_64-linux-gnu/libnss_files-2.30.so
7f3b0e0f7000-7f3b0e0fd000 rw-p 00000000 00:00 0 
7f3b0e0fd000-7f3b0e102000 r--p 00000000 08:03 2752749                    /lib/x86_64-linux-gnu/libnsl-2.30.so
7f3b0e102000-7f3b0e112000 r-xp 00005000 08:03 2752749                    /lib/x86_64-linux-gnu/libnsl-2.30.so
7f3b0e112000-7f3b0e116000 r--p 00015000 08:03 2752749                    /lib/x86_64-linux-gnu/libnsl-2.30.so
7f3b0e116000-7f3b0e117000 r--p 00018000 08:03 2752749                    /lib/x86_64-linux-gnu/libnsl-2.30.so
7f3b0e117000-7f3b0e118000 rw-p 00019000 08:03 2752749                    /lib/x86_64-linux-gnu/libnsl-2.30.so
7f3b0e118000-7f3b0e11a000 rw-p 00000000 00:00 0 
7f3b0e11a000-7f3b0e11d000 r--p 00000000 08:03 2752782                    /lib/x86_64-linux-gnu/libnss_nis-2.30.so
7f3b0e11d000-7f3b0e125000 r-xp 00003000 08:03 2752782                    /lib/x86_64-linux-gnu/libnss_nis-2.30.so
7f3b0e125000-7f3b0e127000 r--p 0000b000 08:03 2752782                    /lib/x86_64-linux-gnu/libnss_nis-2.30.so
7f3b0e127000-7f3b0e128000 r--p 0000c000 08:03 2752782                    /lib/x86_64-linux-gnu/libnss_nis-2.30.so
7f3b0e128000-7f3b0e129000 rw-p 0000d000 08:03 2752782                    /lib/x86_64-linux-gnu/libnss_nis-2.30.so
7f3b0e129000-7f3b0e12b000 r--p 00000000 08:03 2752755                    /lib/x86_64-linux-gnu/libnss_compat-2.30.so
7f3b0e12b000-7f3b0e132000 r-xp 00002000 08:03 2752755                    /lib/x86_64-linux-gnu/libnss_compat-2.30.so
7f3b0e132000-7f3b0e133000 r--p 00009000 08:03 2752755                    /lib/x86_64-linux-gnu/libnss_compat-2.30.so
7f3b0e133000-7f3b0e134000 r--p 00009000 08:03 2752755                    /lib/x86_64-linux-gnu/libnss_compat-2.30.so
7f3b0e134000-7f3b0e135000 rw-p 0000a000 08:03 2752755                    /lib/x86_64-linux-gnu/libnss_compat-2.30.so
7f3b0e135000-7f3b0e137000 r--p 00000000 08:03 1183233                    /usr/lib/jvm/java-11-openjdk-amd64/lib/libjimage.so
7f3b0e137000-7f3b0e13a000 r-xp 00002000 08:03 1183233                    /usr/lib/jvm/java-11-openjdk-amd64/lib/libjimage.so
7f3b0e13a000-7f3b0e13b000 r--p 00005000 08:03 1183233                    /usr/lib/jvm/java-11-openjdk-amd64/lib/libjimage.so
7f3b0e13b000-7f3b0e13c000 ---p 00006000 08:03 1183233                    /usr/lib/jvm/java-11-openjdk-amd64/lib/libjimage.so
7f3b0e13c000-7f3b0e13d000 r--p 00006000 08:03 1183233                    /usr/lib/jvm/java-11-openjdk-amd64/lib/libjimage.so
7f3b0e13d000-7f3b0e13e000 rw-p 00007000 08:03 1183233                    /usr/lib/jvm/java-11-openjdk-amd64/lib/libjimage.so
7f3b0e13e000-7f3b0e140000 r--p 00000000 08:03 1183258                    /usr/lib/jvm/java-11-openjdk-amd64/lib/libzip.so
7f3b0e140000-7f3b0e144000 r-xp 00002000 08:03 1183258                    /usr/lib/jvm/java-11-openjdk-amd64/lib/libzip.so
7f3b0e144000-7f3b0e146000 r--p 00006000 08:03 1183258                    /usr/lib/jvm/java-11-openjdk-amd64/lib/libzip.so
7f3b0e146000-7f3b0e147000 r--p 00007000 08:03 1183258                    /usr/lib/jvm/java-11-openjdk-amd64/lib/libzip.so
7f3b0e147000-7f3b0e148000 rw-p 00008000 08:03 1183258                    /usr/lib/jvm/java-11-openjdk-amd64/lib/libzip.so
7f3b0e148000-7f3b0e150000 rw-s 00000000 08:03 3014712                    /tmp/hsperfdata_hades/11086
7f3b0e150000-7f3b0e15e000 r--p 00000000 08:03 1183229                    /usr/lib/jvm/java-11-openjdk-amd64/lib/libjava.so
7f3b0e15e000-7f3b0e174000 r-xp 0000e000 08:03 1183229                    /usr/lib/jvm/java-11-openjdk-amd64/lib/libjava.so
7f3b0e174000-7f3b0e17b000 r--p 00024000 08:03 1183229                    /usr/lib/jvm/java-11-openjdk-amd64/lib/libjava.so
7f3b0e17b000-7f3b0e17c000 r--p 0002a000 08:03 1183229                    /usr/lib/jvm/java-11-openjdk-amd64/lib/libjava.so
7f3b0e17c000-7f3b0e17e000 rw-p 0002b000 08:03 1183229                    /usr/lib/jvm/java-11-openjdk-amd64/lib/libjava.so
7f3b0e17e000-7f3b0e181000 r--p 00000000 08:03 2752792                    /lib/x86_64-linux-gnu/librt-2.30.so
7f3b0e181000-7f3b0e185000 r-xp 00003000 08:03 2752792                    /lib/x86_64-linux-gnu/librt-2.30.so
7f3b0e185000-7f3b0e187000 r--p 00007000 08:03 2752792                    /lib/x86_64-linux-gnu/librt-2.30.so
7f3b0e187000-7f3b0e188000 r--p 00008000 08:03 2752792                    /lib/x86_64-linux-gnu/librt-2.30.so
7f3b0e188000-7f3b0e189000 rw-p 00009000 08:03 2752792                    /lib/x86_64-linux-gnu/librt-2.30.so
7f3b0e189000-7f3b0e18d000 ---p 00000000 00:00 0 
7f3b0e18d000-7f3b0e28a000 rw-p 00000000 00:00 0 
7f3b0e28a000-7f3b0e28d000 r--p 00000000 08:03 2752852                    /lib/x86_64-linux-gnu/libgcc_s.so.1
7f3b0e28d000-7f3b0e29e000 r-xp 00003000 08:03 2752852                    /lib/x86_64-linux-gnu/libgcc_s.so.1
7f3b0e29e000-7f3b0e2a2000 r--p 00014000 08:03 2752852                    /lib/x86_64-linux-gnu/libgcc_s.so.1
7f3b0e2a2000-7f3b0e2a3000 r--p 00017000 08:03 2752852                    /lib/x86_64-linux-gnu/libgcc_s.so.1
7f3b0e2a3000-7f3b0e2a4000 rw-p 00018000 08:03 2752852                    /lib/x86_64-linux-gnu/libgcc_s.so.1
7f3b0e2a4000-7f3b0e2b3000 r--p 00000000 08:03 2752726                    /lib/x86_64-linux-gnu/libm-2.30.so
7f3b0e2b3000-7f3b0e35a000 r-xp 0000f000 08:03 2752726                    /lib/x86_64-linux-gnu/libm-2.30.so
7f3b0e35a000-7f3b0e3f1000 r--p 000b6000 08:03 2752726                    /lib/x86_64-linux-gnu/libm-2.30.so
7f3b0e3f1000-7f3b0e3f2000 r--p 0014c000 08:03 2752726                    /lib/x86_64-linux-gnu/libm-2.30.so
7f3b0e3f2000-7f3b0e3f3000 rw-p 0014d000 08:03 2752726                    /lib/x86_64-linux-gnu/libm-2.30.so
7f3b0e3f3000-7f3b0e489000 r--p 00000000 08:03 1179744                    /usr/lib/x86_64-linux-gnu/libstdc++.so.6.0.28
7f3b0e489000-7f3b0e586000 r-xp 00096000 08:03 1179744                    /usr/lib/x86_64-linux-gnu/libstdc++.so.6.0.28
7f3b0e586000-7f3b0e5d0000 r--p 00193000 08:03 1179744                    /usr/lib/x86_64-linux-gnu/libstdc++.so.6.0.28
7f3b0e5d0000-7f3b0e5db000 r--p 001dc000 08:03 1179744                    /usr/lib/x86_64-linux-gnu/libstdc++.so.6.0.28
7f3b0e5db000-7f3b0e5de000 rw-p 001e7000 08:03 1179744                    /usr/lib/x86_64-linux-gnu/libstdc++.so.6.0.28
7f3b0e5de000-7f3b0e5e1000 rw-p 00000000 00:00 0 
7f3b0e5e1000-7f3b0e84e000 r--p 00000000 08:03 2360469                    /usr/lib/jvm/java-11-openjdk-amd64/lib/server/libjvm.so
7f3b0e84e000-7f3b0f3e1000 r-xp 0026d000 08:03 2360469                    /usr/lib/jvm/java-11-openjdk-amd64/lib/server/libjvm.so
7f3b0f3e1000-7f3b0f617000 r--p 00e00000 08:03 2360469                    /usr/lib/jvm/java-11-openjdk-amd64/lib/server/libjvm.so
7f3b0f617000-7f3b0f618000 ---p 01036000 08:03 2360469                    /usr/lib/jvm/java-11-openjdk-amd64/lib/server/libjvm.so
7f3b0f618000-7f3b0f6d5000 r--p 01036000 08:03 2360469                    /usr/lib/jvm/java-11-openjdk-amd64/lib/server/libjvm.so
7f3b0f6d5000-7f3b0f70f000 rw-p 010f3000 08:03 2360469                    /usr/lib/jvm/java-11-openjdk-amd64/lib/server/libjvm.so
7f3b0f70f000-7f3b0f767000 rw-p 00000000 00:00 0 
7f3b0f767000-7f3b0f76e000 r--p 00000000 08:03 2752790                    /lib/x86_64-linux-gnu/libpthread-2.30.so
7f3b0f76e000-7f3b0f77f000 r-xp 00007000 08:03 2752790                    /lib/x86_64-linux-gnu/libpthread-2.30.so
7f3b0f77f000-7f3b0f784000 r--p 00018000 08:03 2752790                    /lib/x86_64-linux-gnu/libpthread-2.30.so
7f3b0f784000-7f3b0f785000 r--p 0001c000 08:03 2752790                    /lib/x86_64-linux-gnu/libpthread-2.30.so
7f3b0f785000-7f3b0f786000 rw-p 0001d000 08:03 2752790                    /lib/x86_64-linux-gnu/libpthread-2.30.so
7f3b0f786000-7f3b0f78a000 rw-p 00000000 00:00 0 
7f3b0f78a000-7f3b0f78b000 r--p 00000000 08:03 2752724                    /lib/x86_64-linux-gnu/libdl-2.30.so
7f3b0f78b000-7f3b0f78d000 r-xp 00001000 08:03 2752724                    /lib/x86_64-linux-gnu/libdl-2.30.so
7f3b0f78d000-7f3b0f78e000 r--p 00003000 08:03 2752724                    /lib/x86_64-linux-gnu/libdl-2.30.so
7f3b0f78e000-7f3b0f78f000 r--p 00003000 08:03 2752724                    /lib/x86_64-linux-gnu/libdl-2.30.so
7f3b0f78f000-7f3b0f790000 rw-p 00004000 08:03 2752724                    /lib/x86_64-linux-gnu/libdl-2.30.so
7f3b0f790000-7f3b0f792000 r--p 00000000 08:03 2752601                    /lib/x86_64-linux-gnu/libz.so.1.2.11
7f3b0f792000-7f3b0f7a3000 r-xp 00002000 08:03 2752601                    /lib/x86_64-linux-gnu/libz.so.1.2.11
7f3b0f7a3000-7f3b0f7a9000 r--p 00013000 08:03 2752601                    /lib/x86_64-linux-gnu/libz.so.1.2.11
7f3b0f7a9000-7f3b0f7aa000 ---p 00019000 08:03 2752601                    /lib/x86_64-linux-gnu/libz.so.1.2.11
7f3b0f7aa000-7f3b0f7ab000 r--p 00019000 08:03 2752601                    /lib/x86_64-linux-gnu/libz.so.1.2.11
7f3b0f7ab000-7f3b0f7ac000 rw-p 0001a000 08:03 2752601                    /lib/x86_64-linux-gnu/libz.so.1.2.11
7f3b0f7ac000-7f3b0f7d1000 r--p 00000000 08:03 2752718                    /lib/x86_64-linux-gnu/libc-2.30.so
7f3b0f7d1000-7f3b0f949000 r-xp 00025000 08:03 2752718                    /lib/x86_64-linux-gnu/libc-2.30.so
7f3b0f949000-7f3b0f993000 r--p 0019d000 08:03 2752718                    /lib/x86_64-linux-gnu/libc-2.30.so
7f3b0f993000-7f3b0f996000 r--p 001e6000 08:03 2752718                    /lib/x86_64-linux-gnu/libc-2.30.so
7f3b0f996000-7f3b0f999000 rw-p 001e9000 08:03 2752718                    /lib/x86_64-linux-gnu/libc-2.30.so
7f3b0f999000-7f3b0f99d000 rw-p 00000000 00:00 0 
7f3b0f99f000-7f3b0f9a0000 r--s 00000000 00:37 48                         /run/user/1000/dconf/user
7f3b0f9a0000-7f3b0f9a2000 r--p 00000000 08:03 1727599                    /usr/share/locale-langpack/en_GB/LC_MESSAGES/glib20.mo
7f3b0f9a2000-7f3b0f9a4000 r--s 0000c000 08:03 1573170                    /usr/share/java/java-atk-wrapper.jar
7f3b0f9a4000-7f3b0f9a5000 ---p 00000000 00:00 0 
7f3b0f9a5000-7f3b0f9a6000 r--p 00000000 00:00 0 
7f3b0f9a6000-7f3b0f9ab000 r--p 00000000 08:03 1183256                    /usr/lib/jvm/java-11-openjdk-amd64/lib/libverify.so
7f3b0f9ab000-7f3b0f9b2000 r-xp 00005000 08:03 1183256                    /usr/lib/jvm/java-11-openjdk-amd64/lib/libverify.so
7f3b0f9b2000-7f3b0f9b4000 r--p 0000c000 08:03 1183256                    /usr/lib/jvm/java-11-openjdk-amd64/lib/libverify.so
7f3b0f9b4000-7f3b0f9b5000 ---p 0000e000 08:03 1183256                    /usr/lib/jvm/java-11-openjdk-amd64/lib/libverify.so
7f3b0f9b5000-7f3b0f9b7000 r--p 0000e000 08:03 1183256                    /usr/lib/jvm/java-11-openjdk-amd64/lib/libverify.so
7f3b0f9b7000-7f3b0f9b8000 rw-p 00010000 08:03 1183256                    /usr/lib/jvm/java-11-openjdk-amd64/lib/libverify.so
7f3b0f9b8000-7f3b0f9bb000 r--p 00000000 08:03 2231684                    /usr/lib/jvm/java-11-openjdk-amd64/lib/jli/libjli.so
7f3b0f9bb000-7f3b0f9c5000 r-xp 00003000 08:03 2231684                    /usr/lib/jvm/java-11-openjdk-amd64/lib/jli/libjli.so
7f3b0f9c5000-7f3b0f9c8000 r--p 0000d000 08:03 2231684                    /usr/lib/jvm/java-11-openjdk-amd64/lib/jli/libjli.so
7f3b0f9c8000-7f3b0f9c9000 r--p 0000f000 08:03 2231684                    /usr/lib/jvm/java-11-openjdk-amd64/lib/jli/libjli.so
7f3b0f9c9000-7f3b0f9ca000 rw-p 00010000 08:03 2231684                    /usr/lib/jvm/java-11-openjdk-amd64/lib/jli/libjli.so
7f3b0f9ca000-7f3b0f9cc000 rw-p 00000000 00:00 0 
7f3b0f9cc000-7f3b0f9cd000 r--p 00000000 08:03 2752693                    /lib/x86_64-linux-gnu/ld-2.30.so
7f3b0f9cd000-7f3b0f9ef000 r-xp 00001000 08:03 2752693                    /lib/x86_64-linux-gnu/ld-2.30.so
7f3b0f9ef000-7f3b0f9f7000 r--p 00023000 08:03 2752693                    /lib/x86_64-linux-gnu/ld-2.30.so
7f3b0f9f7000-7f3b0f9f8000 r--p 00000000 08:03 1709830                    /usr/share/locale-langpack/en_GB/LC_MESSAGES/libc.mo
7f3b0f9f8000-7f3b0f9f9000 r--p 0002b000 08:03 2752693                    /lib/x86_64-linux-gnu/ld-2.30.so
7f3b0f9f9000-7f3b0f9fa000 rw-p 0002c000 08:03 2752693                    /lib/x86_64-linux-gnu/ld-2.30.so
7f3b0f9fa000-7f3b0f9fb000 rw-p 00000000 00:00 0 
7fffff775000-7fffff797000 rw-p 00000000 00:00 0                          [stack]
7fffff7a0000-7fffff7a3000 r--p 00000000 00:00 0                          [vvar]
7fffff7a3000-7fffff7a4000 r-xp 00000000 00:00 0                          [vdso]
ffffffffff600000-ffffffffff601000 --xp 00000000 00:00 0                  [vsyscall]


VM Arguments:
java_command: net.tinyos.sf.SerialForwarder -comm serial@/dev/ttyUSB0:telosb
java_class_path (initial): :/home/hades/tinyos-new/tools/tinyos/java
Launcher Type: SUN_STANDARD

[Global flags]
     intx CICompilerCount                          = 3                                         {product} {ergonomic}
     uint ConcGCThreads                            = 1                                         {product} {ergonomic}
     uint G1ConcRefinementThreads                  = 4                                         {product} {ergonomic}
   size_t G1HeapRegionSize                         = 1048576                                   {product} {ergonomic}
    uintx GCDrainStackTargetSize                   = 64                                        {product} {ergonomic}
   size_t InitialHeapSize                          = 130023424                                 {product} {ergonomic}
   size_t MarkStackSize                            = 4194304                                   {product} {ergonomic}
   size_t MaxHeapSize                              = 2057306112                                {product} {ergonomic}
   size_t MaxNewSize                               = 1234173952                                {product} {ergonomic}
   size_t MinHeapDeltaBytes                        = 1048576                                   {product} {ergonomic}
    uintx NonNMethodCodeHeapSize                   = 5830732                                {pd product} {ergonomic}
    uintx NonProfiledCodeHeapSize                  = 122913754                              {pd product} {ergonomic}
    uintx ProfiledCodeHeapSize                     = 122913754                              {pd product} {ergonomic}
    uintx ReservedCodeCacheSize                    = 251658240                              {pd product} {ergonomic}
     bool SegmentedCodeCache                       = true                                      {product} {ergonomic}
     bool UseCompressedClassPointers               = true                                 {lp64_product} {ergonomic}
     bool UseCompressedOops                        = true                                 {lp64_product} {ergonomic}
     bool UseG1GC                                  = true                                      {product} {ergonomic}

Logging:
Log output configuration:
 #0: stdout all=warning uptime,level,tags
 #1: stderr all=off uptime,level,tags

Environment Variables:
CLASSPATH=:/home/hades/tinyos-new/tools/tinyos/java
PATH=/home/hades/bin:/home/hades/.local/bin:/usr/local/sbin:/usr/local/bin:/usr/sbin:/usr/bin:/sbin:/bin:/usr/games:/usr/local/games:/snap/bin:/home/hades/flutter/bin
USERNAME=hades
SHELL=/bin/bash
DISPLAY=:0

Signal Handlers:
SIGSEGV: [libjvm.so+0xd8d310], sa_mask[0]=11111111011111111101111111111110, sa_flags=SA_RESTART|SA_SIGINFO
SIGBUS: [libjvm.so+0xd8d310], sa_mask[0]=11111111011111111101111111111110, sa_flags=SA_RESTART|SA_SIGINFO
SIGFPE: [libjvm.so+0xd8d310], sa_mask[0]=11111111011111111101111111111110, sa_flags=SA_RESTART|SA_SIGINFO
SIGPIPE: SIG_IGN, sa_mask[0]=00000000000010000000000000000000, sa_flags=SA_RESTART
SIGXFSZ: [libjvm.so+0xb85dd0], sa_mask[0]=11111111011111111101111111111110, sa_flags=SA_RESTART|SA_SIGINFO
SIGILL: [libjvm.so+0xd8d310], sa_mask[0]=11111111011111111101111111111110, sa_flags=SA_RESTART|SA_SIGINFO
SIGUSR2: [libjvm.so+0xb85c70], sa_mask[0]=00000000000000000000000000000000, sa_flags=SA_RESTART|SA_SIGINFO
SIGHUP: [libjvm.so+0xb86110], sa_mask[0]=11111111011111111101111111111110, sa_flags=SA_RESTART|SA_SIGINFO
SIGINT: [libjvm.so+0xb86110], sa_mask[0]=11111111011111111101111111111110, sa_flags=SA_RESTART|SA_SIGINFO
SIGTERM: [libjvm.so+0xb86110], sa_mask[0]=11111111011111111101111111111110, sa_flags=SA_RESTART|SA_SIGINFO
SIGQUIT: [libjvm.so+0xb86110], sa_mask[0]=11111111011111111101111111111110, sa_flags=SA_RESTART|SA_SIGINFO


---------------  S Y S T E M  ---------------

OS:DISTRIB_ID=Ubuntu
DISTRIB_RELEASE=19.10
DISTRIB_CODENAME=eoan
DISTRIB_DESCRIPTION="Ubuntu 19.10"
uname:Linux 5.3.0-51-generic #44-Ubuntu SMP Wed Apr 22 21:09:44 UTC 2020 x86_64
OS uptime: 0 days 1:02 hours
libc:glibc 2.30 NPTL 2.30 
rlimit: STACK 8192k, CORE 0k, NPROC 31165, NOFILE 1048576, AS infinity, CPU infinity, DATA infinity, FSIZE infinity
load average:2,61 2,31 1,77

/proc/meminfo:
MemTotal:        8033392 kB
MemFree:         1975076 kB
MemAvailable:    4847836 kB
Buffers:          208304 kB
Cached:          3220800 kB
SwapCached:            0 kB
Active:          3595880 kB
Inactive:        1801580 kB
Active(anon):    2142580 kB
Inactive(anon):   298740 kB
Active(file):    1453300 kB
Inactive(file):  1502840 kB
Unevictable:      193504 kB
Mlocked:             112 kB
SwapTotal:       1000444 kB
SwapFree:        1000444 kB
Dirty:              5404 kB
Writeback:             0 kB
AnonPages:       2161720 kB
Mapped:           852516 kB
Shmem:            502284 kB
KReclaimable:     221324 kB
Slab:             336048 kB
SReclaimable:     221324 kB
SUnreclaim:       114724 kB
KernelStack:       15248 kB
PageTables:        38980 kB
NFS_Unstable:          0 kB
Bounce:                0 kB
WritebackTmp:          0 kB
CommitLimit:     5017140 kB
Committed_AS:   11199892 kB
VmallocTotal:   34359738367 kB
VmallocUsed:       31828 kB
VmallocChunk:          0 kB
Percpu:             3296 kB
HardwareCorrupted:     0 kB
AnonHugePages:         0 kB
ShmemHugePages:        0 kB
ShmemPmdMapped:        0 kB
CmaTotal:              0 kB
CmaFree:               0 kB
HugePages_Total:       0
HugePages_Free:        0
HugePages_Rsvd:        0
HugePages_Surp:        0
Hugepagesize:       2048 kB
Hugetlb:               0 kB
DirectMap4k:      273924 kB
DirectMap2M:     5898240 kB
DirectMap1G:     2097152 kB


/proc/sys/kernel/threads-max (system-wide limit on the number of threads):
62331


/proc/sys/vm/max_map_count (maximum number of memory map areas a process may have):
65530


/proc/sys/kernel/pid_max (system-wide limit on number of process identifiers):
32768



container (cgroup) information:
container_type: cgroupv1
cpu_cpuset_cpus: 0-3
cpu_memory_nodes: 0
active_processor_count: 4
cpu_quota: -1
cpu_period: 100000
cpu_shares: -1
memory_limit_in_bytes: -1
memory_and_swap_limit_in_bytes: -2
memory_soft_limit_in_bytes: -1
memory_usage_in_bytes: 4495523840
memory_max_usage_in_bytes: 4825370624

Steal ticks since vm start: 0
Steal ticks percentage since vm start:  0,000

CPU:total 4 (initial active 4) (2 cores per cpu, 2 threads per core) family 6 model 60 stepping 3, cmov, cx8, fxsr, mmx, sse, sse2, sse3, ssse3, sse4.1, sse4.2, popcnt, avx, avx2, aes, clmul, erms, lzcnt, ht, tsc, tscinvbit, bmi1, bmi2, fma
CPU Model and flags from /proc/cpuinfo:
model name	: Intel(R) Core(TM) i5-4200H CPU @ 2.80GHz
flags		: fpu vme de pse tsc msr pae mce cx8 apic sep mtrr pge mca cmov pat pse36 clflush dts acpi mmx fxsr sse sse2 ss ht tm pbe syscall nx pdpe1gb rdtscp lm constant_tsc arch_perfmon pebs bts rep_good nopl xtopology nonstop_tsc cpuid aperfmperf pni pclmulqdq dtes64 monitor ds_cpl vmx est tm2 ssse3 sdbg fma cx16 xtpr pdcm pcid sse4_1 sse4_2 x2apic movbe popcnt tsc_deadline_timer aes xsave avx f16c rdrand lahf_lm abm cpuid_fault epb invpcid_single pti ssbd ibrs ibpb stibp tpr_shadow vnmi flexpriority ept vpid ept_ad fsgsbase tsc_adjust bmi1 avx2 smep bmi2 erms invpcid xsaveopt dtherm ida arat pln pts md_clear flush_l1d

Memory: 4k page, physical 8033392k(1975076k free), swap 1000444k(1000444k free)

vm_info: OpenJDK 64-Bit Server VM (11.0.7+10-post-Ubuntu-2ubuntu219.10) for linux-amd64 JRE (11.0.7+10-post-Ubuntu-2ubuntu219.10), built on Apr 15 2020 21:12:54 by "unknown" with gcc 9.2.1 20191008

END.
